1712981083  0.0  0.4
1712981084 68.0  0.1
1712981085 59.5  1.4
1712981086 49.6  2.5
1712981087 37.7  2.5
1712981088 30.2  2.5
1712981089 25.1  2.5
1712981090 21.5  2.5
1712981091 18.8  2.5
1712981092 16.8  2.5
1712981093 15.2  2.5
1712981094 12.6  2.5
1712981095 11.6  2.5
1712981096 10.8  2.5
1712981097 10.1  2.5
1712981098  9.5  2.5
1712981100  8.9  2.5
1712981101  8.4  2.5
1712981102  8.0  2.5
1712981103  7.6  2.5
1712981104  7.2  2.5
1712981105  6.9  2.5
1712981106  6.6  2.5
1712981107  6.3  2.5
1712981108  6.0  2.5
1712981109  5.8  2.5
1712981110  5.6  2.5
1712981111  5.2  2.5
1712981112  5.0  2.5
1712981113  4.9  2.5
1712981114  4.7  2.5
1712981115  4.6  2.5
1712981117  4.4  2.5
1712981118  4.3  2.5
1712981119  4.2  2.5
1712981120  4.1  2.5
1712981121  4.0  2.5
1712981122  3.8  2.5
1712981123  3.8  2.5
1712981124  3.7  2.5
1712981125  3.6  2.5
1712981126  3.5  2.5
1712981127  3.4  2.5
1712981128  3.3  2.5
1712981129  3.2  2.5
1712981130  3.1  2.5
1712981131  3.1  2.5
1712981132  3.0  2.5
1712981134  3.0  2.5
1712981135  3.1  2.5
1712981136  3.1  2.5
1712981137  3.1  2.5
1712981138  3.6  3.0
1712981139  4.2  3.3
1712981140  4.2  3.3
1712981141  4.1  3.3
1712981142  4.1  3.3
1712981143  4.2  3.3
1712981144  4.2  3.3
1712981145  4.0  3.3
1712981146  4.2  3.4
1712981147  4.2  3.4
1712981148  4.7  3.4
1712981149  5.0  3.4
1712981151  4.9  3.4
1712981152  6.2  4.2
1712981153  7.4  9.4
1712981154  7.8  9.5
1712981155  8.0  9.5
1712981156  8.2  9.5
1712981157  8.4  9.5
1712981158  8.6  9.6
1712981159  8.8  9.6
1712981160  9.0  9.7
1712981161  9.3  9.7
1712981162  9.4  9.7
1712981163  9.6  9.8
1712981164  9.8  9.8
1712981165 10.0  9.8
1712981166 10.2  9.8
1712981168 10.4  9.8
1712981169 10.5  9.8
1712981170 10.7  9.9
1712981171 10.9  9.9
1712981172 11.0  9.9
1712981173 11.1  9.9
1712981174 11.3  9.9
1712981175 11.4  9.9
1712981756  0.0  0.5
1712981757 61.0  0.1
1712981758 48.0  0.0
1712981759 60.3  1.0
1712981760 65.7  2.3
1712981761 55.6  2.5
1712981762 46.3  2.5
1712981763 39.8  2.5
1712981764 34.8  2.5
1712981765 31.1  2.5
1712981766 28.0  2.5
1712981767 23.6  2.5
1712981768 27.1  3.2
1712981769 29.2  3.3
1712981770 27.4  3.3
1712981771 30.5  5.2
1712981773 34.5  9.4
1712981774 34.5  9.5
1712981775 33.9  9.5
1712981776 33.5  9.5
1712981777 33.0  9.5
1712981778 32.5  9.6
1712981779 32.1  9.6
1712981780 31.8  9.6
1712981781 31.5  9.7
1712981782 31.3  9.7
1712981783 31.1  9.7
1712981784 29.7  9.7
1712981785 29.8  9.8
1712981786 29.6  9.8
1712981787 29.5  9.8
1712981788 29.3  9.8
1712981790 29.3  9.9
1712981791 29.2  9.9
1712981792 29.0  9.9
1712981793 28.8  9.9
1712981794 28.7  9.9
1712981795 28.5  9.9
1712981796 28.3  9.9
1712981797 28.2  9.9
1712981798 28.0  9.9
1712981799 27.9  9.9
1712981800 27.8  9.9
1712981801 27.1  9.9
1712981802 27.0  9.9
1712981803 27.1 10.0
1712981804 27.1 10.0
1712981805 27.1 10.0
1712981807 27.0 10.0
1712981808 26.9 10.0
1712981809 26.9 10.0
1712981810 26.9 10.0
1712981811 26.9 10.1
1712981812 26.8 10.1
1712981813 26.8 10.1
1712981814 26.8 10.1
1712981815 26.7 10.1
1712981816 26.6 10.1
1712981817 26.6 10.1
1712981818 26.5 10.1
1712981819 26.0 10.1
1712981820 26.0 10.1
1712981821 25.9 10.1
1712981822 25.9 10.1
1712981824 25.8 10.1
1712981825 25.8 10.1
1712981826 25.8 10.1
1712981827 25.7 10.1
1712981828 25.7 10.1
1712981829 25.7 10.1
1712981830 25.6 10.1
1712981831 25.6 10.1
1712981832 25.7 10.1
1712981833 25.7 10.2
1712981834 25.6 10.2
1712981835 25.6 10.2
1712981836 25.2 10.2
1712981837 25.2 10.2
1712981838 25.1 10.2
1712981839 25.1 10.2
1712981840 25.1 10.2
1712981842 25.0 10.2
1712981843 25.0 10.2
1712981844 25.0 10.2
1712981845 24.9 10.2
1712981846 24.9 10.2
1712981847 24.9 10.2
1712981848 24.8 10.2
1712981849 24.8 10.2
1712981850 24.8 10.2
1712981851 24.7 10.2
1712981852 24.7 10.2
1712981853 24.4 10.2
1712981854 24.4 10.2
1712981855 24.4 10.2
1712981856 24.4 10.2
1712981857 24.4 10.2
1712981859 24.3 10.2
1712981860 24.3 10.2
1712981861 24.3 10.2
1712981862 24.3 10.2
1712981863 24.3 10.2
1712981864 24.3 10.2
1712981865 24.2 10.2
1712981866 24.2 10.2
1712981867 24.2 10.2
1712981868 24.2 10.2
1712981869 24.2 10.2
1712981870 24.0 10.2
1712981871 23.9 10.2
1712981872 23.9 10.2
1712981873 23.9 10.2
1712981874 23.9 10.2
1712981876 23.9 10.2
1712981877 23.9 10.2
1712981878 23.9 10.2
1712981879 23.8 10.2
1712981880 23.8 10.2
1712981881 23.8 10.2
1712981882 23.8 10.2
1712981883 23.8 10.3
1712981884 23.8 10.3
1712981885 23.7 10.3
1712981886 23.7 10.3
1712981887 23.7 10.3
1712981888 23.5 10.3
1712981889 23.5 10.3
1712981890 23.5 10.3
1712981891 23.6 10.3
1712981893 23.6 10.3
1712981894 23.6 10.3
1712982565  0.0  0.9
1712982566 45.0  2.5
1712982567 25.5  2.5
1712982568 17.3  2.5
1712982569 13.0  2.5
1712982570  8.6  2.5
1712982571  7.8  2.6
1712982572 15.3  3.2
1712982573 18.8  3.4
1712982574 17.0  3.4
1712982576 15.5  3.4
1712982577 21.4  9.4
1712982578 22.1  9.5
1712982579 22.8  9.5
1712982580 23.2  9.5
1712982581 23.9  9.5
1712982582 24.1  9.6
1712982583 24.5  9.6
1712982584 31.2  9.8
1712982585 35.8  9.8
1712982586 35.3  9.8
1712982587 33.2  9.8
1712982588 32.7  9.8
1712982589 32.4  9.8
1712982590 31.9  9.8
1712982591 31.8  9.8
1712982593 33.8  9.9
1712982594 33.4 10.0
1712982595 33.1 10.0
1712982596 32.7 10.0
1712982597 32.4 10.0
1712982598 32.1 10.0
1712982599 31.8 10.0
1712982600 31.6 10.0
1712982601 31.4 10.0
1712982602 31.2 10.0
1712982603 31.1 10.0
1712982604 30.1 10.0
1712982605 30.0 10.0
1712982606 29.8 10.1
1712982607 29.6 10.1
1712982608 29.5 10.1
1712982610 29.3 10.1
1712982611 29.2 10.1
1712982612 29.0 10.1
1712982613 28.9 10.1
1712982614 28.7 10.1
1712982615 28.6 10.1
1712982616 28.4 10.1
1712982617 28.3 10.1
1712982618 28.4 10.2
1712982619 28.3 10.2
1712982620 28.3 10.2
1712982621 28.3 10.2
1712982622 28.4 10.3
1712982623 28.3 10.3
1712982624 28.3 10.3
1712982625 28.2 10.3
1712982626 28.1 10.3
1712982628 28.0 10.3
1712982629 28.0 10.3
1712982630 27.9 10.3
1712982631 27.8 10.3
1712982632 27.8 10.3
1712982633 27.7 10.3
1712982634 27.6 10.3
1712982635 27.6 10.3
1712982636 27.6 10.3
1712982637 27.5 10.3
1712982638 27.4 10.3
1712982639 27.0 10.3
1712982640 27.0 10.3
1712982641 26.9 10.3
1712982642 26.8 10.3
1712982643 26.8 10.3
1712982645 26.7 10.3
1712982646 26.7 10.3
1712982647 26.7 10.3
1712982648 26.6 10.3
1712982649 26.6 10.3
1712982650 26.6 10.3
1712982651 26.5 10.3
1712982652 26.5 10.3
1712982653 26.5 10.3
1712982654 26.4 10.3
1712982655 26.4 10.3
1712982656 26.3 10.3
1712982657 26.0 10.3
1712982658 26.0 10.3
1712982659 26.0 10.3
1712982660 25.9 10.3
1712982661 25.9 10.3
1712982663 25.9 10.3
1712982664 25.8 10.3
1712982665 25.8 10.3
1712982666 25.8 10.3
1712982667 25.8 10.3
1712982668 25.7 10.3
1712982669 25.7 10.4
1712982670 25.8 10.4
1712982671 25.8 10.4
1712982672 25.8 10.4
1712982673 25.8 10.4
1712982674 25.5 10.4
1712982675 25.5 10.4
1712982676 25.5 10.4
1712982677 25.5 10.4
1712982678 25.5 10.4
1712982680 25.5 10.4
1712982681 25.5 10.4
1712982682 25.5 10.4
1712982683 25.5 10.4
1712982684 25.5 10.4
1712982685 25.5 10.4
1712982686 25.5 10.4
1712982687 25.5 10.4
1712982688 25.5 10.4
1712982689 25.5 10.4
1712982690 25.5 10.4
1712982691 25.3 10.4
1712982692 25.3 10.4
1712982693 25.3 10.5
1712982694 25.3 10.5
1712982695 25.3 10.5
1712982697 25.2 10.5
1712982698 25.2 10.5
1712982699 25.2 10.5
1712982700 25.2 10.5
1712982701 25.2 10.5
1712982702 25.1 10.5
1712982703 25.1 10.5
1712982704 25.1 10.5
1712982705 25.1 10.5
1712982706 25.1 10.5
1712982707 25.0 10.5
1712982708 25.0 10.5
1712982709 24.9 10.5
1712982710 24.9 10.5
1712982711 24.9 10.5
1712982712 24.9 10.5
1712982713 24.8 10.5
1712982715 24.8 10.5
1712982716 24.8 10.5
1712982717 24.8 10.5
1712982718 24.8 10.6
1712982719 24.8 10.6
1712982720 24.7 10.6
1712982721 24.8 10.6
1712982722 24.7 10.6
1712982723 24.7 10.6
1712982724 24.7 10.6
1712982725 24.7 10.6
1712982726 24.5 10.6
1712982727 24.5 10.6
1712982728 24.5 10.6
1712982729 24.5 10.6
1712982730 24.5 10.6
1712982732 24.4 10.6
1712982733 24.4 10.6
1712982734 24.4 10.6
1712982735 24.4 10.6
1712982736 24.4 10.6
1712982737 24.4 10.6
1712982738 24.4 10.6
1712982739 24.4 10.6
1712982740 24.4 10.6
1712982741 24.4 10.6
1712982742 24.4 10.6
1712982743 24.4 10.6
1712982744 24.2 10.6
1712982745 24.2 10.6
1712982746 24.2 10.6
1712982747 24.2 10.6
1712982748 24.2 10.6
1712982750 24.2 10.6
1712982751 24.2 10.6
1712982752 24.2 10.6
1712982753 24.2 10.6
1712982754 24.2 10.6
1712982755 24.2 10.6
1712982756 24.2 10.6
1712982757 24.2 10.6
1712982758 24.3 10.6
1712982759 24.2 10.6
1712982760 24.2 10.6
1712982761 24.1 10.6
1712982762 24.1 10.6
1712982763 24.1 10.6
1712982764 24.1 10.6
1712982765 24.1 10.6
1712982767 24.1 10.6
1712982768 24.1 10.6
1712982769 24.2 10.7
1712982770 24.2 10.7
1712982771 24.1 10.7
1712982772 24.1 10.7
1712982773 24.1 10.7
1712982774 24.1 10.7
1712982775 24.1 10.7
1712982776 24.1 10.7
1712982777 24.1 10.7
1712982778 24.0 10.7
1712982779 24.0 10.7
1712982780 24.0 10.7
1712982781 24.0 10.7
1712982782 24.0 10.7
1712982784 23.9 10.7
1712982785 24.0 10.7
1712982786 23.9 10.7
1712982787 23.9 10.7
1712982788 23.9 10.7
1712982789 23.9 10.7
1712982790 23.9 10.7
1712982791 23.9 10.7
1712982792 23.9 10.7
1712982793 23.9 10.7
1712982794 23.9 10.7
1712982795 23.9 10.7
1712982796 23.8 10.7
1712982797 23.8 10.7
1712982798 23.8 10.7
1712982799 23.8 10.7
1712982801 23.8 10.7
1712982802 23.8 10.7
1712982803 23.8 10.7
1712982804 23.8 10.7
1712982805 23.8 10.7
1712982806 23.8 10.7
1712982807 23.8 10.7
1712982808 23.8 10.7
1712982809 23.8 10.7
1712982810 23.8 10.7
1712982811 23.8 10.7
1712982812 23.8 10.7
1712982813 23.6 10.7
1712982814 23.6 10.7
1712982815 23.6 10.7
1712982816 23.6 10.7
1712982817 23.6 10.7
1712982819 23.6 10.7
1712982820 23.6 10.7
1712982821 23.6 10.7
1712982822 23.6 10.7
1712982823 23.6 10.7
1712982824 23.6 10.7
1712982825 23.7 10.7
1712982826 23.7 10.7
1712982827 23.7 10.7
1712982828 23.7 10.7
1712982829 23.7 10.7
1712982830 23.6 10.7
1712982831 23.6 10.7
1712982832 23.6 10.7
1712982833 23.6 10.7
1712982834 23.6 10.7
1712982836 23.6 10.7
1712982837 23.6 10.7
1712982838 23.6 10.7
1712982839 23.6 10.7
1712982840 23.6 10.7
1712982841 23.6 10.7
1712982842 23.6 10.7
1712982843 23.6 10.7
1712982844 23.6 10.7
1712982845 23.6 10.7
1712982846 23.6 10.7
1712982847 23.5 10.7
1712982848 23.5 10.7
1712982849 23.5 10.7
1712982850 23.5 10.7
1712982851 23.5 10.7
1712982853 23.5 10.7
1712982854 23.5 10.7
1712982855 23.5 10.7
1712982856 23.5 10.7
1712982857 23.5 10.7
1712982858 23.4 10.7
1712982859 23.4  9.2
1712982860 23.3  9.2
1712982861 23.3  9.2
1712982862 23.2  9.2
1712982863 23.1  9.2
1712982864 23.0  9.2
1712982865 22.9  9.2
1712982866 22.8  9.2
1712982867 22.7  9.2
1712982868 22.6  9.2
1712982870 22.6  9.2
1712982871 22.5  9.2
1712982872 22.4  9.2
1712982873 22.4  9.2
1712982874 22.3  9.2
1712982875 22.2  9.2
1712982876 22.1  9.2
1712982877 22.1  9.2
1712982878 22.0  9.2
1712982879 21.9  9.2
1712982880 21.9  9.2
1712982881 21.8  9.2
1712982882 21.6  9.2
1712982883 21.6  9.2
1712982884 21.5  9.2
1712982885 21.4  9.2
1712982886 21.4  9.2
1712982888 21.3  9.2
1712982889 21.2  9.2
1712982890 21.2  9.2
1712982891 21.1  9.2
1712982892 21.1  9.2
1712982893 21.0  9.2
1712982894 20.9  9.2
1712982895 20.9  9.2
1712982896 20.8  9.2
1712982897 20.7  9.2
1712982898 20.7  9.2
1712982899 20.5  9.2
1712982900 20.5  9.2
1712982901 20.4  9.2
1712982902 20.4  9.2
1712982903 20.3  9.2
1712982905 20.2  9.2
1712982906 20.2  7.5
1712985244  0.0  0.4
1712985245 59.0  0.1
1712985246 36.5  0.2
1712985247 52.6  1.1
1712985248 59.0  2.4
1712985249 49.6  2.6
1712985250 41.5  2.6
1712985251 36.2  2.6
1712985252 31.1  3.0
1712985253 38.0  3.4
1712985254 34.7  3.4
1712985255 31.8  3.4
1712985256 29.5  3.4
1712985258 27.5  3.4
1712985259 25.8  3.4
1712985260 24.4  3.4
1712985261 24.8  3.4
1712985262 23.6  3.4
1712985263 24.8  4.1
1712985264 28.3  5.4
1712985265 30.4  9.5
1712985266 30.5  9.6
1712985267 30.2  9.6
1712985268 29.9  9.6
1712985269 28.5  9.7
1712985270 28.3  9.7
1712985271 28.2  9.7
1712985272 28.2  9.8
1712985274 28.3  9.9
1712985275 28.1  9.9
1712985276 28.1  9.9
1712985277 28.0  9.9
1712985278 28.0  9.9
1712985279 28.0 10.0
1712985280 28.1 10.0
1712985281 28.4 10.0
1712985282 29.5 10.0
1712985283 29.3 10.1
1712985284 29.2 10.1
1712985285 29.0 10.1
1712985286 28.2 10.1
1712985287 28.1 10.2
1712985288 28.0 10.2
1712985289 27.8 10.2
1712985291 27.7 10.2
1712985292 27.6 10.2
1712985293 27.5 10.2
1712985294 27.4 10.2
1712985295 27.3 10.2
1712985296 27.3 10.3
1712985297 27.2 10.3
1712985298 27.0 10.3
1712985299 27.0 10.3
1712985300 26.9 10.3
1712985301 26.9 10.3
1712985302 26.4 10.3
1712985303 26.4 10.3
1712985304 30.2 10.4
1712985305 32.1 10.4
1712985307 32.0 10.4
1712985308 31.9 10.4
1712985309 31.7 10.5
1712985310 31.6 10.5
1712985311 31.4 10.5
1712985312 31.3 10.5
1712985313 31.1 10.6
1712985314 31.0 10.6
1712985315 30.9 10.6
1712985316 30.7 10.6
1712985317 30.6 10.6
1712985318 30.1 10.6
1712985319 30.0 10.6
1712985320 29.9 10.6
1712985321 29.8 10.6
1712985322 29.7 10.6
1712985324 29.6 10.6
1712985325 29.5 10.6
1712985326 29.4 10.6
1712985327 29.3 10.6
1712985328 29.2 10.6
1712985329 29.1 10.6
1712985330 29.0 10.6
1712985331 29.0 10.6
1712985332 28.9 10.6
1712985333 28.8 10.6
1712985334 28.7 10.6
1712985335 28.4 10.6
1712985336 28.4 10.6
1712985337 28.3 10.6
1712985338 28.2 10.6
1712985339 28.2 10.6
1712985341 28.1 10.6
1712985342 28.0 10.6
1712985343 28.0 10.6
1712985344 27.9 10.6
1712985345 27.8 10.6
1712985346 27.8 10.7
1712985347 27.7 10.7
1712985348 27.7 10.7
1712985349 27.6 10.7
1712985350 27.6 10.7
1712985351 27.5 10.7
1712985352 27.5 10.7
1712985353 27.2 10.7
1712985354 27.1 10.7
1712985355 27.1 10.7
1712985356 27.1 10.7
1712985358 28.2 10.8
1712985359 28.5 10.8
1712985360 28.5 10.8
1712985361 28.4 10.8
1712985362 28.4 10.8
1712985363 28.3 10.8
1712985364 28.3 10.8
1712985365 28.3 10.8
1712985366 28.3 10.8
1712985367 29.5 10.8
1712985368 30.2 10.8
1712985369 29.9 10.8
1712985370 29.9 10.8
1712985371 29.8 10.8
1712985372 29.8 10.8
1712985373 29.7 10.8
1712985375 29.7 10.8
1712985376 29.6 10.8
1712985377 29.6 10.8
1712985378 29.6 10.8
1712985379 29.6 10.9
1712985380 30.1 10.9
1712985381 30.1 10.9
1712985382 30.0 10.9
1712985383 30.0 10.9
1712985384 29.9 10.9
1712985385 29.9 10.9
1712985386 29.6 10.9
1712985387 29.6 10.9
1712985388 29.5 10.9
1712985389 29.5 10.9
1712985390 29.4 10.9
1712985392 29.4 10.9
1712985393 29.3 10.9
1712985394 29.3 10.9
1712985395 29.2 10.9
1712985396 29.2 10.9
1712985397 29.2 10.9
1712985398 29.1 10.9
1712985399 29.1 10.9
1712985400 29.0 10.9
1712985401 29.0 10.9
1712985402 28.9 10.9
1712985403 28.7 10.9
1712985404 28.7 10.9
1712985405 28.7 10.9
1712985406 28.6 10.9
1712985408 28.6 10.9
1712985409 28.6 10.9
1712985410 28.5 10.9
1712985411 28.5 10.9
1712985412 28.5 10.9
1712985413 28.4 10.9
1712985414 28.4 10.9
1712985415 28.4 10.9
1712985416 28.3 10.9
1712985417 28.3 10.9
1712985418 28.3 10.9
1712985419 28.2 10.9
1712985420 28.0 10.9
1712985421 28.0 10.9
1712985422 28.0 10.9
1712985423 27.9 10.9
1712985424 27.9 11.0
1712985426 27.9 11.0
1712985427 27.9 11.0
1712985428 27.8 11.0
1712985429 27.8 11.0
1712985430 27.8 11.0
1712985431 27.8 11.0
1712985432 27.8 11.0
1712985433 27.7 11.0
1712985434 27.7 11.0
1712985435 27.7 11.0
1712985436 27.7 11.0
1712985437 27.5 11.0
1712985438 27.5 11.0
1712985439 27.5 11.0
1712985440 27.4 11.0
1712985442 27.4 11.0
1712985443 27.4 11.0
1712985444 27.4 11.0
1712985445 27.4 11.0
1712985446 27.3 11.0
1712985447 27.3 11.0
1712985448 27.3 11.0
1712985449 27.3 11.0
1712985450 27.3 11.0
1712985451 27.3 11.0
1712985452 27.2 11.0
1712985453 27.2 11.0
1712985454 27.1 11.0
1712985455 27.0 11.0
1712985456 27.0 11.0
1712985457 27.0 11.0
1712985459 27.0 11.0
1712985460 27.0 11.0
1712985461 26.9 11.0
1712985462 26.9 11.0
1712985463 26.9 11.0
1712985464 26.8 11.0
1712985465 26.8  9.5
1712985466 26.7  9.5
1712985467 26.6  9.5
1712985468 26.5  9.5
1712985469 26.3  9.5
1712985470 26.2  9.5
1712985471 26.0  9.5
1712985472 25.9  9.5
1712985473 25.8  9.5
1712985474 25.6  9.5
1712985476 25.5  9.5
1712985477 25.4  9.5
1712985478 25.3  9.5
1712985479 25.2  9.5
1712985480 25.1  9.5
1712985481 25.0  9.5
1712985482 24.9  9.5
1712985483 24.8  9.5
1712985560  0.0  0.6
1712985561 47.0  5.3
1712985562 58.0  8.2
1712985563 71.3 12.0
1712985564 87.7 14.7
1712985565 90.6 15.7
1712985566 86.0 15.7
1712985567 75.7 15.7
1712985568 66.3 15.7
1712985569 53.3 15.7
1712985570 50.3 15.0
1712985571 47.4 15.0
1712985572 44.2 15.0
1712985573 41.5 15.1
1712985575 39.5 14.9
1712985576 37.1 14.9
1712985577 35.0 14.9
1712985578 33.5 14.9
1712985579 32.2 14.9
1712985580 30.9 14.9
1712985581 30.0 14.9
1712985582 28.9 14.9
1712985583 28.1 14.9
1712985584 27.0 14.9
1712985585 26.1 14.9
1712985586 24.3 14.9
1712985587 23.7 14.9
1712985588 23.0 14.9
1712985589 22.4 14.9
1712985591 21.8 14.9
1712985592 21.3 15.0
1712985593 20.9 15.0
1712985594 22.7 15.5
1712985595 22.6 15.5
1712985596 22.4 15.5
1712985597 22.1 15.5
1712985598 21.8 15.5
1712985599 21.4 15.4
1712985600 21.1 15.4
1712985601 20.8 15.4
1712985602 20.5 15.4
1712985603 19.7 15.4
1712985604 21.9 16.7
1712985605 21.6 16.7
1712985606 21.6 16.7
1712985608 21.1 16.7
1712985609 20.7 16.7
1712985610 20.3 16.7
1712985611 20.0 16.7
1712985612 19.6 16.7
1712985613 19.2 16.7
1712985614 19.4 16.7
1712985615 19.1 16.7
1712985616 18.9 16.7
1712985617 19.0 16.7
1712985618 18.6 16.7
1712985619 18.5 16.7
1712985620 19.8 17.1
1712985621 22.6 18.1
1712985622 24.9 18.3
1712985623 26.4 18.6
1712985625 28.5 19.1
1712985626 31.2 19.4
1712985627 33.1 19.4
1712985628 34.7 19.5
1712985629 36.7 19.3
1712985630 38.5 19.1
1712985631 40.0 19.1
1712985632 41.5 19.1
1712985633 43.2 19.3
1712985634 44.6 19.1
1712985635 45.5 19.1
1712985636 47.1 19.1
1712985637 48.0 19.2
1712985638 49.0 18.9
1712985640 50.0 19.0
1712985641 50.8 19.0
1712985642 51.6 19.0
1712985643 52.7 19.0
1712985644 53.8 19.0
1712985645 54.9 19.1
1712985646 56.4 19.1
1712985647 57.1 19.1
1712985648 57.9 19.2
1712985649 58.6 18.9
1712985650 58.7 18.8
1712985651 59.7 19.2
1712985652 60.3 19.2
1712985653 60.7 19.2
1712985654 61.4 19.2
1712985656 62.0 19.1
1712985657 62.4 19.2
1712985658 63.3 19.3
1712985659 64.4 19.4
1712985660 65.4 19.4
1712985661 66.8 19.4
1712985662 68.1 19.6
1712985663 68.7 19.6
1712985664 69.3 19.6
1712985665 69.7 19.7
1712985666 69.3 19.8
1712985667 69.7 19.7
1712985668 70.0 19.7
1712985669 70.3 19.7
1712985670 70.6 19.7
1712985672 71.1 19.7
1712985673 71.5 19.8
1712986229  0.0  0.4
1712986230 82.0  6.4
1712986231 85.5 10.8
1712986232 97.3 13.8
1712986233 87.2 16.2
1712986234 89.8 17.1
1712986235 87.4 17.1
1712986236 88.0 17.8
1712986237 96.6 21.4
1712986239 92.1 20.7
1712986240 84.6 20.5
1712986241 77.9 20.5
1712986242 76.4 20.7
1712986243 77.7 20.7
1712986244 79.6 20.6
1712986245 80.8 20.6
1712986246 81.2 20.7
1712986247 81.2 20.8
1712986248 81.5 20.9
1712986249 83.1 20.8
1712986250 80.5 20.7
1712986251 81.8 20.6
1712986252 82.7 20.7
1712986253 83.8 20.7
1712986254 85.3 21.0
1712986256 86.2 21.0
1712986257 87.2 21.0
1712986258 88.3 21.1
1712986259 89.9 20.9
1712986260 91.1 20.8
1712986261 92.2 20.7
1712986262 93.2 20.6
1712986263 94.2 20.6
1712986264 95.0 20.5
1712986265 95.5 20.3
1712986266 93.6 20.3
1712986267 94.6 20.3
1712986268 95.4 20.3
1712986269 95.9 20.4
1712986270 96.7 20.6
1712986272 97.3 20.6
1712986273 97.6 20.6
1712986274 98.3 20.6
1712986275 99.2 20.5
1712986276 99.8 20.5
1712986277  100 20.5
1712986278  101 20.5
1712986279  101 20.5
1712986280  102 20.5
1712986281  102 20.5
1712986282  101 20.4
1712986283  100 20.5
1712986284  100 20.5
1712986285  101 19.0
1712986287  101 19.1
1712986288  101 19.1
1712986289  101 19.1
1712986290  101 18.9
1712986291  102 18.1
1712986292  102 18.1
1712986293  102 18.1
1712986294  103 18.1
1712986295  103 17.9
1712986296  102 17.8
1712986297  102 17.4
1712986298  102 17.7
1712986299  102 18.1
1712986300  103 18.2
1712986302  103 18.2
1712986303  104 18.2
1712986304  104 18.4
1712986305  105 18.5
1712986306  106 18.5
1712986307  106 18.6
1712986308  107 18.3
1712986309  107 18.3
1712986310  107 18.5
1712986311  107 18.6
1712986312  108 18.5
1712986313  108 18.4
1712986314  109 18.4
1712986316  109 18.4
1712986317  109 18.4
1712986318  109 18.4
1712986319  110 18.4
1712986320  111 18.3
1712986321  111 18.6
1712986322  112 18.8
1712986323  112 18.8
1712986324  113 18.8
1712986325  113 18.8
1712986326  112 18.6
1712986327  112 18.6
1712986328  113 18.6
1712986329  113 18.5
1712986330  113 18.3
1712986332  113 18.3
1712986333  113 18.4
1712986334  113 18.3
1712986335  113 18.2
1712986336  113 18.3
1712986337  114 18.2
1712986338  114 18.3
1712986339  115 18.3
1712986340  115 18.3
1712986341  115 18.2
1712986342  115 18.1
1712986343  114 18.0
1712986344  114 18.1
1712986345  114 18.0
1712986346  115 18.2
1712986348  115 18.5
1712986349  115 18.5
1712986350  116 18.2
1712986351  117 18.4
1712986352  117 18.5
1712986353  117 18.6
1712986354  117 18.5
1712986355  118 18.4
1712986356  118 18.3
1712986357  119 18.4
1712986358  118 18.4
1712986359  118 18.3
1712986360  119 18.1
1712986362  119 18.0
1712986363  120 18.0
1712986364  120 18.2
1712986365  121 18.2
1712986366  121 18.0
1712986367  122 17.9
1712986368  122 17.9
1713025735  0.0  0.8
1713025736 42.0  0.1
1713025737 38.0  0.4
1713025738 54.3  1.3
1713025739 55.0  2.5
1713025740 45.6  2.5
1713025741 38.1  2.5
1713025742 33.1  2.6
1713025743 30.6  3.2
1713025744 35.4  3.4
1713025745 32.4  3.4
1713025746 29.9  3.4
1713025747 33.4  4.2
1713025749 37.8  6.2
1713025750 38.9  9.5
1713025751 38.5  9.6
1713025752 37.6  9.6
1713025753 36.8  9.6
1713025754 36.1  9.6
1713025755 35.3  9.6
1713025756 34.8  9.7
1713025757 34.3  9.7
1713025758 34.0  9.8
1713025759 33.5  9.8
1713025760 33.2  9.8
1713025761 31.7  9.9
1713025762 31.6  9.9
1713025763 31.4  9.9
1713025764 31.1  9.9
1713025766 30.9  9.9
1713025767 30.9 10.0
1713025768 30.7 10.0
1713025769 30.4 10.0
1713025770 30.2 10.0
1713025771 30.0 10.0
1713025772 29.8 10.0
1713025773 29.6 10.0
1713025774 29.5 10.0
1713025775 29.3 10.0
1713025776 29.1 10.0
1713025777 29.0 10.0
1713025778 28.2 10.0
1713025779 28.1 10.1
1713025780 28.3 10.1
1713025781 28.1 10.1
1713025783 28.0 10.1
1713025784 27.9 10.1
1713025785 27.8 10.1
1713025786 27.8 10.2
1713025787 27.8 10.2
1713025788 27.8 10.2
1713025789 27.8 10.2
1713025790 27.7 10.2
1713025791 27.6 10.2
1713025792 27.5 10.2
1713025793 27.4 10.2
1713025794 27.3 10.2
1713025795 26.8 10.2
1713025796 26.7 10.2
1713025797 26.7 10.2
1713025798 26.6 10.2
1713025799 26.5 10.2
1713025801 26.5 10.2
1713025802 26.5 10.2
1713025803 26.4 10.2
1713025804 26.3 10.2
1713025805 26.3 10.2
1713025806 26.2 10.2
1713025807 26.2 10.2
1713025808 26.2 10.2
1713025809 26.2 10.2
1713025810 26.2 10.3
1713025811 26.1 10.3
1713025812 26.1 10.3
1713025813 25.7 10.3
1713025814 25.7 10.3
1713025815 25.6 10.3
1713025816 25.5 10.3
1713025818 25.5 10.3
1713025819 25.5 10.3
1713025820 25.4 10.3
1713025821 25.4 10.3
1713025822 25.3 10.3
1713025823 25.3 10.3
1713025824 25.3 10.3
1713025825 25.2 10.3
1713025826 25.2 10.3
1713025827 25.1 10.3
1713025828 25.1 10.3
1713025829 25.1 10.3
1713025830 24.8 10.3
1713025831 24.7 10.3
1713025832 24.7 10.3
1713025833 24.7 10.3
1713025835 24.7 10.3
1713025836 24.6 10.3
1713025837 24.6 10.3
1713025838 24.6 10.3
1713025839 24.6 10.4
1713025840 24.6 10.4
1713025841 24.6 10.4
1713025842 24.6 10.4
1713025843 24.5 10.4
1713025844 24.5 10.4
1713025845 24.5 10.4
1713025846 24.3 10.4
1713025847 24.2 10.4
1713025848 24.2 10.4
1713025849 24.2 10.4
1713025850 24.2 10.4
1713025852 24.2 10.4
1713025853 24.2 10.4
1713025854 24.1 10.4
1713025855 24.1 10.4
1713025856 24.1 10.4
1713025857 24.1 10.4
1713025858 24.0 10.4
1713025859 24.0 10.4
1713025860 24.0 10.4
1713025861 24.0 10.4
1713025862 24.0 10.4
1713025863 23.8 10.4
1713025864 23.8 10.4
1713025865 23.8 10.5
1713025866 23.8 10.5
1713025868 23.8 10.5
1713025869 23.8 10.5
1713025870 23.8 10.5
1713025871 23.8 10.5
1713025872 23.8 10.5
1713025873 23.8 10.5
1713025874 23.8 10.5
1713025875 23.8 10.5
1713025876 23.8 10.5
1713025877 23.8 10.5
1713025878 23.7 10.5
1713025879 23.7 10.5
1713025880 23.6 10.5
1713025881 23.5 10.5
1713025882 23.5 10.5
1713025883 23.5 10.5
1713025885 23.6 10.5
1713025886 23.6 10.5
1713025887 23.5 10.5
1713025888 23.5 10.5
1713025889 23.5 10.5
1713025890 23.5 10.5
1713025891 23.5 10.5
1713025892 23.5 10.5
1713025893 23.5 10.5
1713025894 23.5 10.5
1713025895 23.5 10.5
1713025896 23.5 10.5
1713025897 23.3 10.5
1713025898 23.3 10.5
1713025899 23.3 10.5
1713025900 23.3 10.5
1713025902 23.3 10.5
1713025903 23.3 10.5
1713025904 23.3 10.5
1713025905 23.3 10.5
1713025906 23.3 10.5
1713025907 23.3 10.5
1713025908 23.3 10.5
1713025909 23.3 10.6
1713025910 23.3 10.6
1713025911 23.3 10.6
1713025912 23.3 10.6
1713025913 23.3 10.6
1713025914 23.1 10.6
1713025915 23.1 10.6
1713025916 23.1 10.6
1713025917 23.1 10.6
1713025919 23.1 10.6
1713025920 23.1 10.6
1713025921 23.1 10.6
1713025922 23.1 10.6
1713025923 23.1 10.6
1713025924 23.1 10.6
1713025925 23.1 10.6
1713025926 23.1 10.6
1713025927 23.2 10.6
1713025928 23.2 10.6
1713025929 23.2 10.6
1713025930 23.2 10.6
1713025931 23.1 10.6
1713025932 23.1 10.6
1713025933 23.1 10.6
1713025934 23.1 10.6
1713025936 23.1 10.6
1713025937 23.1 10.6
1713025938 23.1 10.6
1713025939 23.1 10.6
1713025940 23.1 10.6
1713025941 23.1 10.6
1713025942 23.1 10.6
1713025943 23.1 10.6
1713025944 23.1 10.6
1713025945 23.1 10.6
1713025946 23.0 10.6
1713025947 23.0 10.6
1713025948 23.0 10.6
1713025949 22.9 10.6
1713025950 22.9 10.6
1713025951 22.9 10.6
1713025952 22.9 10.6
1713025954 22.9 10.6
1713025955 22.9 10.6
1713025956 23.0 10.7
1713025957 22.9 10.7
1713025958 22.9 10.7
1713025959 22.9 10.7
1713025960 22.9 10.7
1713025961 22.9 10.7
1713025962 22.9 10.7
1713025963 22.9 10.7
1713025964 22.9 10.7
1713025965 22.9 10.7
1713025966 22.8 10.7
1713025967 22.8 10.7
1713025968 22.8 10.7
1713025969 22.8 10.7
1713025971 22.8 10.7
1713025972 22.8 10.7
1713025973 22.8 10.7
1713025974 22.8 10.7
1713025975 22.8 10.7
1713025976 22.8 10.7
1713025977 22.8 10.7
1713025978 22.8 10.7
1713025979 22.8 10.7
1713025980 22.8 10.7
1713025981 22.8 10.7
1713025982 22.8 10.7
1713025983 22.7 10.7
1713025984 22.7 10.7
1713025985 22.7 10.7
1713025986 22.7 10.7
1713025988 22.7 10.7
1713025989 22.7 10.7
1713025990 22.7 10.7
1713025991 22.7 10.7
1713025992 22.7 10.7
1713025993 22.7 10.7
1713025994 22.7 10.7
1713025995 22.7 10.7
1713025996 22.7 10.7
1713025997 22.7 10.7
1713025998 22.7 10.7
1713025999 22.7 10.7
1713026000 22.6 10.7
1713026001 22.6 10.7
1713026002 22.6 10.7
1713026003 22.6 10.7
1713026005 22.6 10.7
1713026006 22.6 10.7
1713026007 22.6 10.7
1713026008 22.6 10.7
1713026009 22.6 10.7
1713026010 22.6 10.7
1713026011 22.6 10.7
1713026012 22.6 10.7
1713026013 22.6 10.7
1713026014 22.6 10.7
1713026015 22.6 10.7
1713026016 22.6 10.7
1713026017 22.6 10.7
1713026018 22.6 10.7
1713026019 22.6 10.7
1713026020 22.6 10.7
1713026021 22.5 10.7
1713026023 22.5 10.7
1713026024 22.5 10.7
1713026025 22.5 10.8
1713026026 22.5 10.8
1713026027 22.5 10.8
1713026028 22.5 10.8
1713026029 22.5 10.8
1713026030 22.5 10.8
1713026031 22.5 10.8
1713026032 22.5 10.8
1713026033 22.5 10.8
1713026034 22.5 10.8
1713026035 22.4 10.8
1713026036 22.4 10.8
1713026037 22.4 10.8
1713026038 22.4 10.8
1713026040 22.4 10.8
1713026041 22.4 10.8
1713026042 22.4 10.8
1713026043 22.4 10.8
1713026044 22.4 10.8
1713026045 22.5 10.8
1713026046 22.5 10.8
1713026047 22.5 10.8
1713026048 22.5 10.8
1713026049 22.4 10.8
1713026050 22.4 10.8
1713026051 22.4 10.8
1713026052 22.4 10.8
1713026053 22.4 10.8
1713026054 22.4 10.8
1713026055 22.4 10.8
1713026057 22.4 10.8
1713026058 22.4 10.8
1713026059 22.4 10.8
1713026060 22.4 10.8
1713026061 22.3 10.8
1713026062 22.3 10.8
1713026063 22.3 10.8
1713026064 22.3 10.8
1713026065 22.3 10.8
1713026066 22.3 10.8
1713026067 22.3 10.8
1713026068 22.3 10.8
1713026069 22.3 10.8
1713026070 22.3 10.8
1713026071 22.3 10.8
1713026072 22.3 10.8
1713026073 22.3 10.8
1713026075 22.3 10.8
1713026076 22.3 10.8
1713026077 22.3 10.8
1713026078 22.3 10.8
1713026079 22.3 10.8
1713026080 22.3 10.8
1713026081 22.3 10.8
1713026082 22.3 10.8
1713026083 22.3 10.8
1713026084 22.3 10.8
1713026085 22.3 10.8
1713026086 22.3 10.8
1713026087 22.2 10.8
1713026088 22.2 10.8
1713026089 22.2 10.8
1713026090 22.2 10.8
1713026092 22.2 10.8
1713026093 22.2 10.8
1713026094 22.2 10.8
1713026095 22.2 10.8
1713026096 22.2 10.8
1713026097 22.2 10.8
1713026098 22.2 10.8
1713026099 22.2 10.8
1713026100 22.2 10.8
1713026101 22.2 10.8
1713026102 22.2 10.8
1713026103 22.2 10.8
1713026104 22.2 10.8
1713026105 22.2 10.8
1713026106 22.2 10.8
1713026107 22.2 10.8
1713026109 22.2 10.8
1713026110 22.2 10.8
1713026111 22.2 10.8
1713026112 22.2 10.8
1713026113 22.2 10.8
1713026114 22.2 10.8
1713026115 22.2 10.8
1713026116 22.2 10.9
1713026117 22.2 10.9
1713026118 22.2 10.9
1713026119 22.2 10.9
1713026120 22.2 10.9
1713026121 22.1 10.9
1713026122 22.1 10.9
1713026123 22.1 10.9
1713026124 22.1 10.9
1713026126 22.1 10.9
1713026127 22.2 10.9
1713026128 22.2 10.9
1713026129 22.2 10.9
1713026130 22.2 10.9
1713026131 22.2 10.9
1713026132 22.2 10.9
1713026133 22.2 10.9
1713026134 22.2 10.9
1713026135 22.2 10.9
1713026136 22.2 10.9
1713026137 22.2 10.9
1713026138 22.2 10.9
1713026139 22.2 10.9
1713026140 22.2 10.9
1713026141 22.2 10.9
1713026142 22.2 10.9
1713026144 22.2 10.9
1713026145 22.2 10.9
1713026146 22.2 10.9
1713026147 22.2 10.9
1713026148 22.2 10.9
1713026149 22.2 10.9
1713026150 22.2 10.9
1713026151 22.2 10.9
1713026152 22.2 10.9
1713026153 22.2 10.9
1713026154 22.2 10.9
1713026155 22.2 10.9
1713026156 22.1 10.9
1713026157 22.1 10.9
1713026158 22.1 10.9
1713026159 22.1 10.9
1713026161 22.1 10.9
1713026162 22.1 10.9
1713026163 22.1 10.9
1713026164 22.1 10.9
1713026165 22.1 10.9
1713026166 22.1 10.9
1713026167 22.1 10.9
1713026168 22.1 10.9
1713026169 22.1 10.9
1713026170 22.1 10.9
1713026171 22.1 10.9
1713026172 22.1 10.9
1713026173 22.1 10.9
1713026174 22.1 10.9
1713026175 22.1 10.9
1713026176 22.1 10.9
1713026178 22.1 10.9
1713026179 22.1 10.9
1713026180 22.1 10.9
1713026181 22.1 10.9
1713026182 22.1 10.9
1713026183 22.1 10.9
1713026184 22.1 10.9
1713026185 22.1 10.9
1713026186 22.1 10.9
1713026187 22.1 10.9
1713026188 22.1 10.9
1713026189 22.1 10.9
1713026190 22.0 10.9
1713026191 22.0 10.9
1713026192 22.1 10.9
1713026193 22.1 10.9
1713026195 22.1 10.9
1713026196 22.1 10.9
1713026197 22.1 10.9
1713026198 22.1 10.9
1713026199 22.1 10.9
1713026200 22.1 10.9
1713026201 22.1 10.9
1713026202 22.1 10.9
1713026203 22.1 10.9
1713026204 22.1 10.9
1713026205 22.1 10.9
1713026206 22.1 10.9
1713026207 22.0 10.9
1713026208 22.0 10.9
1713026209 22.0 10.9
1713026210 22.0 10.9
1713026211 22.0 10.9
1713026213 22.0 10.9
1713026214 22.0 10.9
1713026215 22.0 10.9
1713026216 22.0 10.9
1713026217 22.0 10.9
1713026218 22.0 10.9
1713026219 22.0 10.9
1713026220 22.0 10.9
1713026221 22.0 10.9
1713026222 22.0 10.9
1713026223 22.0 10.9
1713026224 22.0 10.9
1713026225 22.0 10.9
1713026226 22.0 10.9
1713026227 22.0 10.9
1713026228 22.0 10.9
1713026230 22.0 10.9
1713026231 22.0 10.9
1713026232 22.0 10.9
1713026233 22.0 10.9
1713026234 22.0 10.9
1713026235 22.0 10.9
1713026236 22.0 10.9
1713026237 22.0 10.9
1713026238 22.0 10.9
1713026239 22.0 10.9
1713026240 22.0 10.9
1713026241 22.0 10.9
1713026242 21.9 10.9
1713026243 21.9 10.9
1713026244 21.9 10.9
1713026245 21.9 10.9
1713026247 21.9 10.9
1713026248 21.9 10.9
1713026249 21.9 10.9
1713026250 21.9 10.9
1713026251 21.9 10.9
1713026252 21.9 10.9
1713026253 21.9 10.9
1713026254 22.0 10.9
1713026255 22.0 10.9
1713026256 22.0 10.9
1713026257 22.0 10.9
1713026258 22.0 10.9
1713026259 21.9 10.9
1713026260 21.9 10.9
1713026261 21.9 10.9
1713026262 21.9 10.9
1713026264 21.9 10.9
1713026265 21.9 10.9
1713026266 21.9 10.9
1713026267 21.9 10.9
1713026268 21.9 10.9
1713026269 21.9 10.9
1713026270 21.9 10.9
1713026271 21.9 10.9
1713026272 21.9 10.9
1713026273 21.9 10.9
1713026274 21.9 10.9
1713026275 21.9 10.9
1713026276 21.9 10.9
1713026277 21.9 10.9
1713026278 21.9 10.9
1713026279 21.9 10.9
1713026280 21.9 10.9
1713026282 21.9 10.9
1713026283 21.9 10.9
1713026284 21.9 10.9
1713026285 21.9 10.9
1713026286 21.9 10.9
1713026287 21.9 10.9
1713026288 21.9 10.9
1713026289 21.9 10.9
1713026290 21.9 10.9
1713026291 21.9 10.9
1713026292 21.9 11.0
1713026293 21.9 11.0
1713026294 21.9 11.0
1713026295 21.9 11.0
1713026296 21.9 11.0
1713026297 21.9 11.0
1713026299 21.9 11.0
1713026300 21.9 11.0
1713026301 21.9 11.0
1713026302 21.9 11.0
1713026303 21.9 11.0
1713026304 21.9 11.0
1713026305 21.9 11.0
1713026306 21.9 11.0
1713026307 21.9 11.0
1713026308 21.9 11.0
1713026309 21.9 11.0
1713026310 21.9 11.0
1713026311 21.9 11.0
1713026312 21.9 11.0
1713026313 21.9 11.0
1713026314 21.9 11.0
1713026316 21.9 11.0
1713026317 21.9 11.0
1713026318 21.9 11.0
1713026319 21.9 11.0
1713026320 21.9 11.0
1713026321 21.9 11.0
1713026322 21.9 11.0
1713026323 21.9 11.0
1713026324 21.9 11.0
1713026325 21.9 11.0
1713026326 21.9 11.0
1713026327 21.9 11.0
1713026328 21.8 11.0
1713026329 21.8 11.0
1713026330 21.8 11.0
1713026331 21.8 11.0
1713026333 21.8 11.0
1713026334 21.8 11.0
1713026335 21.8 11.0
1713026336 21.8 11.0
1713026337 21.8 11.0
1713026338 21.8 11.0
1713026339 21.8 11.0
1713026340 21.8 11.0
1713026341 21.8 11.0
1713026342 21.8 11.0
1713026343 21.9 11.0
1713026344 21.9 11.0
1713026345 21.8 11.0
1713026346 21.8 11.0
1713026347 21.8 11.0
1713026348 21.8 11.0
1713026349 21.8 11.0
1713026351 21.8 11.0
1713026352 21.8 11.0
1713026353 21.8 11.0
1713026354 21.8 11.0
1713026355 21.8 11.0
1713026356 21.8 11.0
1713026357 21.8 11.0
1713026358 21.8 11.0
1713026359 21.8 11.0
1713026360 21.8 11.0
1713026361 21.8 11.0
1713026362 21.8 11.0
1713026363 21.8 11.0
1713026364 21.8 11.0
1713026365 21.8 11.0
1713026366 21.8 11.0
1713026368 21.8 11.0
1713026369 21.8 11.0
1713026370 21.8 11.0
1713026371 21.8 11.0
1713026372 21.8 11.0
1713026373 21.8 11.0
1713026374 21.8 11.0
1713026375 21.8 11.0
1713026376 21.8 11.0
1713026377 21.8 11.0
1713026378 21.8 11.0
1713026379 21.8 11.0
1713026380 21.8 11.0
1713026381 21.8 11.0
1713026382 21.8 11.0
1713026383 21.8 11.0
1713026385 21.8 11.0
1713026386 21.8 11.0
1713026387 21.8 11.0
1713026388 21.8 11.0
1713026389 21.8 11.0
1713026390 21.8 11.0
1713026391 21.8 11.0
1713026392 21.8 11.0
1713026393 21.8 11.0
1713026394 21.8 11.0
1713026395 21.8 11.0
1713026396 21.8 11.0
1713026397 21.7 11.0
1713026398 21.7 11.0
1713026399 21.7 11.0
1713026400 21.7 11.0
1713026402 21.7 11.0
1713026403 21.8 11.0
1713026404 21.7 11.0
1713026405 21.8 11.0
1713026406 21.8 11.0
1713026407 21.8 11.0
1713026408 21.8 11.0
1713026409 21.8 11.0
1713026410 21.8 11.0
1713026411 21.8 11.0
1713026412 21.8 11.0
1713026413 21.8 11.0
1713026414 21.7 11.0
1713026415 21.7 11.0
1713026416 21.7 11.0
1713026417 21.7 11.0
1713026419 21.7 11.0
1713026420 21.7 11.0
1713026421 21.7 11.0
1713026422 21.7 11.0
1713026423 21.7 11.0
1713026424 21.7 11.0
1713026425 21.7 11.0
1713026426 21.7 11.0
1713026427 21.7 11.0
1713026428 21.7 11.0
1713026429 21.7 11.0
1713026430 21.7 11.0
1713026431 21.7 11.0
1713026432 21.7 11.0
1713026433 21.7 11.0
1713026434 21.7 11.0
1713026436 21.7 11.0
1713026437 21.7 11.0
1713026438 21.7 11.0
1713026439 21.7 11.0
1713026440 21.7 11.0
1713026441 21.7 11.0
1713026442 21.7 11.0
1713026443 21.7 11.0
1713026444 21.7 11.0
1713026445 21.7 11.0
1713026446 21.7 11.0
1713026447 21.7 11.0
1713026448 21.7 11.0
1713026449 21.7 11.0
1713026450 21.7 11.0
1713026451 21.7 11.0
1713026453 21.7 11.0
1713026454 21.7 11.0
1713026455 21.7 11.0
1713026456 21.7 11.0
1713026457 21.7 11.0
1713026458 21.7 11.0
1713026459 21.7 11.0
1713026460 21.7 11.0
1713026461 21.7 11.0
1713026462 21.7 11.0
1713026463 21.7 11.0
1713026464 21.7 11.0
1713026465 21.7 11.0
1713026466 21.7 11.0
1713026467 21.7 11.0
1713026468 21.7 11.0
1713026469 21.7 11.0
1713026471 21.7 11.0
1713026472 21.7 11.0
1713026473 21.7 11.0
1713026474 21.7 11.0
1713026475 21.7 11.0
1713026476 21.7 11.0
1713026477 21.7 11.0
1713026478 21.7 11.0
1713026479 21.7 11.0
1713026480 21.7 11.0
1713026481 21.7 11.0
1713026482 21.7 11.0
1713026483 21.7 11.0
1713026484 21.7 11.0
1713026485 21.7 11.0
1713026486 21.7 11.0
1713026488 21.7 11.0
1713026489 21.7 11.0
1713026490 21.7 11.0
1713026491 21.7 11.0
1713026492 21.7 11.0
1713026493 21.7 11.0
1713026494 21.7 11.0
1713026495 21.7 11.0
1713026496 21.7 11.0
1713026497 21.7 11.0
1713026498 21.7 11.0
1713026499 21.7 11.0
1713026500 21.6 11.0
1713026501 21.7 11.1
1713026502 21.7 11.1
1713026503 21.7 11.1
1713026505 21.7 11.1
1713026506 21.7 11.1
1713026507 21.7 11.1
1713026508 21.7 11.1
1713026509 21.7 11.1
1713026510 21.7 11.1
1713026511 21.7 11.1
1713026512 21.7 11.1
1713026513 21.7 11.1
1713026514 21.7 11.1
1713026515 21.7 11.1
1713026516 21.7 11.1
1713026517 21.6 11.1
1713026518 21.6 11.1
1713026519 21.6 11.1
1713026520 21.6 11.1
1713026522 21.6 11.1
1713026523 21.6 11.1
1713026524 21.6 11.1
1713026525 21.6 11.1
1713026526 21.6 11.1
1713026527 21.6 11.1
1713026528 21.6 11.1
1713026529 21.6 11.1
1713026530 21.6 11.1
1713026531 21.6 11.1
1713026532 21.6 11.1
1713026533 21.6 11.1
1713026534 21.6 11.1
1713026535 21.6 11.1
1713026536 21.6 11.1
1713026537 21.6 11.1
1713026538 21.6 11.1
1713026540 21.6 11.1
1713026541 21.6 11.1
1713026542 21.6 11.1
1713026543 21.6 11.1
1713026544 21.6 11.1
1713026545 21.6 11.1
1713026546 21.6 11.1
1713026547 21.6 11.1
1713026548 21.6 11.1
1713026549 21.6 11.1
1713026550 21.6 11.1
1713026551 21.7 11.1
1713026552 21.6 11.1
1713026553 21.6 11.1
1713026554 21.6 11.1
1713026555 21.6 11.1
1713026557 21.6 11.1
1713026558 21.6 11.1
1713026559 21.6 11.1
1713026560 21.6 11.1
1713026561 21.6 11.0
1713026562 21.6 11.0
1713026563 21.7 11.0
1713026564 21.7 11.0
1713026565 21.8 11.1
1713026566 21.8 11.1
1713026567 21.8 11.1
1713026568 21.8 11.1
1713026569 21.8 11.1
1713026570 21.8 11.1
1713026571 21.8 11.1
1713026572 21.8 11.1
1713026574 21.8 11.1
1713026575 21.8 11.1
1713026576 21.8 11.1
1713026577 21.8 11.1
1713026578 21.8 11.1
1713026579 21.8 11.1
1713026580 21.8 11.1
1713026581 21.8 11.1
1713026582 21.8 11.1
1713026583 21.8 11.1
1713026584 21.8 11.1
1713026585 21.8 11.1
1713026586 21.8 11.1
1713026587 21.8 11.1
1713026588 21.8 11.1
1713026589 21.8 11.1
1713026591 21.8 11.1
1713026592 21.8 11.1
1713026593 21.8 11.1
1713026594 21.8 11.1
1713026595 21.8 11.1
1713026596 21.8 11.1
1713026597 21.8 11.1
1713026598 21.8 11.1
1713026599 21.8 11.1
1713026600 21.8 11.1
1713026601 21.8 11.1
1713026602 21.8 11.1
1713026603 21.8 11.1
1713026604 21.8 11.1
1713026605 21.8 11.1
1713026606 21.8 11.1
1713026608 21.8 11.1
1713026609 21.8 11.1
1713026610 21.8 11.1
1713026611 21.8 11.1
1713026612 21.8 11.1
1713026613 21.8 11.1
1713026614 21.8 11.1
1713026615 21.8 11.1
1713026616 21.8 11.1
1713026617 21.8 11.1
1713026618 21.8 11.1
1713026619 21.8 11.1
1713026620 21.8 11.1
1713026621 21.8 11.1
1713026622 21.8 11.1
1713026623 21.8 11.1
1713026625 21.8 11.1
1713026626 21.8 11.1
1713026627 21.8 11.1
1713026628 21.8 11.1
1713026629 21.8 11.1
1713026630 21.8 11.1
1713026631 21.8 11.1
1713026632 21.8 11.1
1713026633 21.8 11.1
1713026634 21.8 11.1
1713026635 21.8 11.1
1713026636 21.8 11.1
1713026637 21.8 11.1
1713026638 21.8 11.1
1713026639 21.8 11.1
1713026640 21.8 11.1
1713026641 21.8 11.1
1713026643 21.8 11.1
1713026644 21.8 11.1
1713026645 21.8 11.1
1713026646 21.8 11.1
1713026647 21.8 11.1
1713026648 21.8 11.1
1713026649 21.8 11.1
1713026650 21.8 11.1
1713026651 21.8 11.1
1713026652 21.8 11.1
1713026653 21.8 11.1
1713026654 21.7 11.1
1713026655 21.7 11.1
1713026656 21.7 11.1
1713026657 21.7 11.1
1713026659 21.7 11.1
1713026660 21.8 11.1
1713026661 21.8 11.1
1713026662 21.8 11.1
1713026663 21.8 11.1
1713026664 21.8 11.1
1713026665 21.8 11.1
1713026666 21.8 11.1
1713026667 21.8 11.1
1713026668 21.8 11.1
1713026669 21.8 11.1
1713026670 21.8 11.1
1713026671 21.7 11.1
1713026672 21.7 11.1
1713026673 21.7 11.1
1713026674 21.7 11.1
1713026675 21.7 11.1
1713026677 21.8 11.1
1713026678 21.8 11.1
1713026679 21.8 11.1
1713026680 21.8 11.1
1713026681 21.8 11.1
1713026682 21.8 11.1
1713026683 21.8 11.1
1713026684 21.8 11.1
1713026685 21.8 11.1
1713026686 21.8 11.1
1713026687 21.8 11.1
1713026688 21.8 11.1
1713026689 21.7 11.1
1713026690 21.7 11.1
1713026691 21.7 11.1
1713026692 21.7 11.1
1713026694 21.7 11.1
1713026695 21.7 11.1
1713026696 21.7 11.1
1713026697 21.7 11.1
1713026698 21.7 11.1
1713026699 21.7 11.1
1713026700 21.7 11.1
1713026701 21.7 11.1
1713026702 21.7 11.1
1713026703 21.7 11.1
1713026704 21.7 11.1
1713026705 21.7 11.1
1713026706 21.7 11.1
1713026707 21.7 11.1
1713026708 21.7 11.1
1713026709 21.7 11.1
1713026711 21.7 11.1
1713026712 21.7 11.1
1713026713 21.7 11.1
1713026714 21.7 11.1
1713026715 21.7 11.1
1713026716 21.7 11.1
1713026717 21.7 11.1
1713026718 21.7 11.1
1713026719 21.7 11.1
1713026720 21.7 11.1
1713026721 21.7 11.1
1713026722 21.7 11.1
1713026723 21.7 11.1
1713026724 21.7 11.1
1713026725 21.7 11.1
1713026726 21.7 11.1
1713026728 21.7 11.1
1713026729 21.7 11.1
1713026730 21.7 11.1
1713026731 21.7 11.1
1713026732 21.7 11.1
1713026733 21.7 11.1
1713026734 21.7 11.1
1713026735 21.7 11.1
1713026736 21.7 11.1
1713026737 21.7 11.1
1713026738 21.7 11.1
1713026739 21.7 11.1
1713026740 21.7 11.1
1713026741 21.7 11.1
1713026742 21.7 11.1
1713026743 21.7 11.1
1713026745 21.7 11.1
1713026746 21.7 11.1
1713026747 21.7 11.1
1713026748 21.7 11.1
1713026749 21.7 11.1
1713026750 21.7 11.1
1713026751 21.7 11.1
1713026752 21.7 11.1
1713026753 21.7 11.1
1713026754 21.7 11.1
1713026755 21.7 11.1
1713026756 21.7 11.1
1713026757 21.7 11.1
1713026758 21.7 11.1
1713026759 21.7 11.1
1713026760 21.7 11.1
1713026762 21.7 11.1
1713026763 21.7 11.1
1713026764 21.7 11.1
1713026765 21.7 11.1
1713026766 21.7 11.1
1713026767 21.7 11.1
1713026768 21.7 11.1
1713026769 21.7 11.1
1713026770 21.7 11.1
1713026771 21.7 11.1
1713026772 21.7 11.1
1713026773 21.7 11.1
1713026774 21.7 11.1
1713026775 21.7 11.1
1713026776 21.7 11.1
1713026777 21.7 11.1
1713026778 21.7 11.1
1713026780 21.7 11.1
1713026781 21.7 11.1
1713026782 21.7 11.2
1713026783 21.7 11.2
1713026784 21.7 11.2
1713026785 21.7 11.2
1713026786 21.7 11.2
1713026787 21.7 11.2
1713026788 21.7 11.2
1713026789 21.7 11.2
1713026790 21.7 11.2
1713026791 21.7 11.2
1713026792 21.7 11.2
1713026793 21.7 11.2
1713026794 21.7 11.2
1713026795 21.7 11.2
1713026797 21.7 11.2
1713026798 21.7 11.2
1713026799 21.7 11.2
1713026800 21.7 11.2
1713026801 21.7 11.2
1713026802 21.7 11.2
1713026803 21.7 11.2
1713026804 21.7 11.2
1713026805 21.7 11.2
1713026806 21.7 11.2
1713026807 21.7 11.2
1713026808 21.7 11.2
1713026809 21.7 11.2
1713026810 21.7 11.2
1713026811 21.7 11.2
1713026812 21.7 11.2
1713026814 21.7 11.2
1713026815 21.7 11.2
1713026816 21.7 11.2
1713026817 21.7 11.2
1713026818 21.7 11.2
1713026819 21.7 11.2
1713026820 21.7 11.2
1713026821 21.7 11.2
1713026822 21.7 11.2
1713026823 21.7 11.2
1713026824 21.7 11.2
1713026825 21.7 11.2
1713026826 21.7 11.2
1713026827 21.7 11.2
1713026828 21.7 11.2
1713026829 21.7 11.2
1713026830 21.7 11.2
1713026832 21.7 11.2
1713026833 21.7 11.2
1713026834 21.7 11.2
1713026835 21.7 11.2
1713026836 21.7 11.2
1713026837 21.7 11.2
1713026838 21.7 11.2
1713026839 21.7 11.2
1713026840 21.7 11.2
1713026841 21.7 11.2
1713026842 21.7 11.2
1713026843 21.7 11.2
1713026844 21.7 11.2
1713026845 21.7 11.2
1713026846 21.7 11.2
1713026847 21.7 11.2
1713026849 21.7 11.2
1713026850 21.7 11.2
1713026851 21.7 11.2
1713026852 21.7 11.2
1713026853 21.7 11.2
1713026854 21.7 11.2
1713026855 21.7 11.2
1713026856 21.7 11.2
1713026857 21.7 11.2
1713026858 21.7 11.2
1713026859 21.7 11.2
1713026860 21.7 11.2
1713026861 21.7 11.2
1713026862 21.7 11.2
1713026863 21.7 11.2
1713026864 21.7 11.2
1713026866 21.7 11.2
1713026867 21.7 11.2
1713026868 21.7 11.2
1713026869 21.7 11.2
1713026870 21.7 11.2
1713026871 21.7 11.2
1713026872 21.7 11.2
1713026873 21.7 11.2
1713026874 21.7 11.2
1713026875 21.7 11.2
1713026876 21.7 11.2
1713026877 21.7 11.2
1713026878 21.7 11.2
1713026879 21.7 11.2
1713026880 21.7 11.2
1713026881 21.7 11.2
1713026882 21.7 11.2
1713026884 21.7 11.2
1713026885 21.7 11.2
1713026886 21.7 11.2
1713026887 21.7 11.2
1713026888 21.7 11.2
1713026889 21.7 11.2
1713026890 21.7 11.2
1713026891 21.7 11.2
1713026892 21.7 11.2
1713026893 21.7 11.2
1713026894 21.7 11.2
1713026895 21.7 11.2
1713026896 21.6 11.2
1713026897 21.6 11.2
1713026898 21.6 11.2
1713026899 21.6 11.2
1713026901 21.6 11.2
1713026902 21.7 11.2
1713026903 21.7 11.2
1713026904 21.7 11.2
1713026905 21.7 11.2
1713026906 21.7 11.2
1713026907 21.7 11.2
1713026908 21.7 11.2
1713026909 21.7 11.2
1713026910 21.7 11.2
1713026911 21.7 11.2
1713026912 21.7 11.2
1713026913 21.6 11.2
1713026914 21.6 11.2
1713026915 21.6 11.2
1713026916 21.6 11.2
1713026918 21.6 11.2
1713026919 21.7 11.2
1713026920 21.7 11.2
1713026921 21.7 11.2
1713026922 21.7 11.2
1713026923 21.7 11.2
1713026924 21.7 11.2
1713026925 21.7 11.2
1713026926 21.7 11.2
1713026927 21.7 11.2
1713026928 21.7 11.2
1713026929 21.7 11.2
1713026930 21.6 11.2
1713026931 21.6 11.2
1713026932 21.6 11.2
1713026933 21.6 11.2
1713026935 21.6 11.2
1713026936 21.6 11.2
1713026937 21.6 11.2
1713026938 21.6 11.2
1713026939 21.6 11.2
1713026940 21.7 11.2
1713026941 21.7 11.2
1713026942 21.7 11.2
1713026943 21.7 11.2
1713026944 21.7 11.2
1713026945 21.7 11.2
1713026946 21.7 11.2
1713026947 21.6 11.2
1713026948 21.6 11.2
1713026949 21.6 11.2
1713026950 21.6 11.2
1713026952 21.6 11.2
1713026953 21.6 11.2
1713026954 21.6 11.2
1713026955 21.6 11.2
1713026956 21.6 11.2
1713026957 21.6 11.2
1713026958 21.6 11.2
1713026959 21.6 11.2
1713026960 21.6 11.2
1713026961 21.6 11.2
1713026962 21.7 11.2
1713026963 21.7 11.2
1713026964 21.7 11.2
1713026965 21.6 11.2
1713026966 21.6 11.2
1713026967 21.6 11.2
1713026968 21.6 11.2
1713026970 21.6 11.2
1713026971 21.6 11.2
1713026972 21.6 11.2
1713026973 21.6 11.2
1713026974 21.6 11.2
1713026975 21.6 11.2
1713026976 21.6 11.2
1713026977 21.6 11.2
1713026978 21.7 11.2
1713026979 21.7 11.2
1713026980 21.7 11.2
1713026981 21.7 11.2
1713026982 21.6 11.2
1713026983 21.6 11.2
1713026984 21.6 11.2
1713026985 21.6 11.2
1713026987 21.6 11.2
1713026988 21.6 11.2
1713026989 21.6 11.2
1713026990 21.6 11.2
1713026991 21.6 11.2
1713026992 21.6 11.2
1713026993 21.6 11.2
1713026994 21.6 11.2
1713026995 21.6 11.2
1713026996 21.6 11.2
1713026997 21.6 11.2
1713026998 21.6 11.2
1713026999 21.6 11.2
1713027000 21.6 11.2
1713027001 21.6 11.2
1713027002 21.6 11.2
1713027004 21.6 11.2
1713027005 21.6 11.2
1713027006 21.6 11.2
1713027007 21.6 11.2
1713027008 21.6 11.2
1713027009 21.6 11.2
1713027010 21.6 11.2
1713027011 21.6 11.2
1713027012 21.6 11.2
1713027013 21.6 11.2
1713027014 21.6 11.2
1713027015 21.6 11.2
1713027016 21.6 11.3
1713027017 21.6 11.3
1713027018 21.6 11.3
1713027019 21.6 11.3
1713027021 21.6 11.3
1713027022 21.6 11.3
1713027023 21.6 11.3
1713027024 21.6 11.3
1713027025 21.6 11.3
1713027026 21.6 11.3
1713027027 21.6 11.3
1713027028 21.6 11.3
1713027029 21.6 11.3
1713027030 21.6 11.3
1713027031 21.6 11.3
1713027032 21.6 11.3
1713027033 21.6 11.3
1713027034 21.6 11.3
1713027035 21.6 11.3
1713027036 21.6 11.3
1713027037 21.6 11.3
1713027039 21.6 11.3
1713027040 21.6 11.3
1713027041 21.6 11.3
1713027042 21.6 11.3
1713027043 21.6 11.3
1713027044 21.6 11.3
1713027045 21.6 11.3
1713027046 21.6 11.3
1713027047 21.6 11.3
1713027048 21.6 11.3
1713027049 21.6 11.3
1713027050 21.6 11.3
1713027051 21.6 11.3
1713027052 21.6 11.3
1713027053 21.6 11.3
1713027054 21.6 11.3
1713027056 21.6 11.3
1713027057 21.6 11.3
1713027058 21.6 11.3
1713027059 21.6 11.3
1713027060 21.6 11.3
1713027061 21.6 11.3
1713027062 21.6 11.3
1713027063 21.6 11.3
1713027064 21.6 11.3
1713027065 21.6 11.3
1713027066 21.6 11.3
1713027067 21.6 11.3
1713027068 21.6 11.3
1713027069 21.6 11.3
1713027070 21.6 11.3
1713027071 21.6 11.3
1713027073 21.6 11.3
1713027074 21.6 11.3
1713027075 21.6 11.3
1713027076 21.6 11.3
1713027077 21.6 11.3
1713027078 21.6 11.3
1713027079 21.6 11.3
1713027080 21.6 11.3
1713027081 21.6 11.3
1713027082 21.6 11.3
1713027083 21.6 11.3
1713027084 21.6 11.3
1713027085 21.6 11.3
1713027086 21.6 11.3
1713027087 21.6 11.3
1713027088 21.6 11.3
1713027089 21.6 11.3
1713027091 21.6 11.3
1713027092 21.6 11.3
1713027093 21.6 11.3
1713027094 21.6 11.3
1713027095 21.6 11.3
1713027096 21.6 11.3
1713027097 21.6 11.3
1713027098 21.6 11.3
1713027099 21.6 11.3
1713027100 21.6 11.3
1713027101 21.6 11.3
1713027102 21.6 11.3
1713027103 21.6 11.3
1713027104 21.6 11.3
1713027105 21.6 11.3
1713027106 21.6 11.3
1713027108 21.6 11.3
1713027109 21.6 11.3
1713027110 21.6 11.3
1713027111 21.6 11.3
1713027112 21.6 11.3
1713027113 21.6 11.3
1713027114 21.6 11.3
1713027115 21.6 11.3
1713027116 21.6 11.3
1713027117 21.6 11.3
1713027118 21.6 11.3
1713027119 21.6 11.3
1713027120 21.6 11.3
1713027121 21.6 11.3
1713027122 21.6 11.3
1713027123 21.6 11.3
1713027125 21.6 11.3
1713027126 21.6 11.3
1713027127 21.6 11.3
1713027128 21.6 11.3
1713027129 21.6 11.3
1713027130 21.6 11.3
1713027131 21.6 11.3
1713027132 21.6 11.3
1713027133 21.6 11.3
1713027134 21.6 11.3
1713027135 21.6 11.3
1713027136 21.6 11.3
1713027137 21.6 11.3
1713027138 21.6 11.3
1713027139 21.6 11.3
1713027140 21.6 11.3
1713027142 21.6 11.3
1713027143 21.6 11.3
1713027144 21.6 11.3
1713027145 21.6 11.3
1713027146 21.6 11.3
1713027147 21.6 11.3
1713027148 21.6 11.3
1713027149 21.6 11.3
1713027150 21.6 11.3
1713027151 21.6 11.3
1713027152 21.6 11.3
1713027153 21.6 11.3
1713027154 21.6 11.3
1713027155 21.6 11.3
1713027156 21.6 11.3
1713027157 21.6 11.3
1713027159 21.6 11.3
1713027160 21.6 11.3
1713027161 21.6 11.3
1713027162 21.6 11.3
1713027163 21.6 11.3
1713027164 21.6 11.3
1713027165 21.6 11.3
1713027166 21.6 11.3
1713027167 21.6 11.3
1713027168 21.6 11.3
1713027169 21.6 11.3
1713027170 21.6 11.3
1713027171 21.6 11.3
1713027172 21.6 11.3
1713027173 21.6 11.3
1713027174 21.6 11.3
1713027176 21.6 11.3
1713027177 21.6 11.3
1713027178 21.6 11.3
1713027179 21.6 11.3
1713027180 21.6 11.3
1713027181 21.6 11.3
1713027182 21.6 11.3
1713027183 21.6 11.3
1713027184 21.6 11.3
1713027185 21.6 11.3
1713027186 21.6 11.3
1713027187 21.6 11.3
1713027188 21.6 11.3
1713027189 21.6 11.3
1713027190 21.6 11.3
1713027191 21.6 11.3
1713027192 21.6 11.3
1713027194 21.6 11.3
1713027195 21.6 11.3
1713027196 21.6 11.3
1713027197 21.6 11.3
1713027198 21.6 11.3
1713027199 21.6 11.3
1713027200 21.6 11.3
1713027201 21.6 11.3
1713027202 21.6 11.3
1713027203 21.6 11.3
1713027204 21.6 11.3
1713027205 21.6 11.3
1713027206 21.6 11.3
1713027207 21.6 11.3
1713027208 21.6 11.3
1713027209 21.6 11.3
1713027211 21.6 11.3
1713027212 21.6 11.3
1713027213 21.6 11.3
1713027214 21.6 11.3
1713027215 21.6 11.3
1713027216 21.6 11.3
1713027217 21.6 11.3
1713027218 21.6 11.3
1713027219 21.6 11.3
1713027220 21.6 11.3
1713027221 21.6 11.3
1713027222 21.6 11.3
1713027223 21.6 11.3
1713027224 21.6 11.3
1713027225 21.6 11.3
1713027226 21.6 11.3
1713027228 21.6 11.3
1713027229 21.6 11.3
1713027230 21.6 11.3
1713027231 21.6 11.3
1713027232 21.6 11.3
1713027233 21.6 11.3
1713027234 21.6 11.3
1713027235 21.6 11.3
1713027236 21.6 11.3
1713027237 21.6 11.3
1713027238 21.6 11.3
1713027239 21.6 11.3
1713027240 21.5 11.3
1713027241 21.5 11.3
1713027242 21.6 11.3
1713027243 21.6 11.3
1713027245 21.6 11.3
1713027246 21.6 11.3
1713027247 21.6 11.3
1713027248 21.6 11.3
1713027249 21.6 11.3
1713027250 21.6 11.3
1713027251 21.6 11.3
1713027252 21.6 11.3
1713027253 21.6 11.3
1713027254 21.6 11.3
1713027255 21.6 11.3
1713027256 21.6 11.3
1713027257 21.5 11.3
1713027258 21.5 11.3
1713027259 21.5 11.3
1713027260 21.5 11.3
1713027262 21.5 11.3
1713027263 21.5 11.3
1713027264 21.5 11.3
1713027265 21.5 11.3
1713027266 21.5 11.3
1713027267 21.5 11.3
1713027268 21.6 11.3
1713027269 21.6 11.3
1713027270 21.6 11.3
1713027271 21.6 11.3
1713027272 21.6 11.3
1713027273 21.6 11.3
1713027274 21.5 11.3
1713027275 21.5 11.3
1713027276 21.5 11.3
1713027277 21.5 11.3
1713027279 21.5 11.3
1713027280 21.5 11.3
1713027281 21.6 11.3
1713027282 21.6 11.3
1713027283 21.6 11.3
1713027284 21.6 11.3
1713027285 21.6 11.3
1713027286 21.6 11.3
1713027287 21.6 11.3
1713027288 21.6 11.3
1713027289 21.6 11.3
1713027290 21.6 11.3
1713027291 21.5 11.3
1713027292 21.5 11.3
1713027293 21.5 11.3
1713027294 21.6 11.3
1713027296 21.6 11.3
1713027297 21.6 11.3
1713027298 21.6 11.3
1713027299 21.6 11.3
1713027300 21.6 11.3
1713027301 21.6 11.3
1713027302 21.6 11.3
1713027303 21.6 11.3
1713027304 21.6 11.3
1713027305 21.6 11.3
1713027306 21.6 11.3
1713027307 21.6 11.3
1713027308 21.6 11.3
1713027309 21.6 11.3
1713027310 21.6 11.3
1713027311 21.6 11.3
1713027313 21.6 11.3
1713027314 21.6 11.3
1713027315 21.6 11.3
1713027316 21.6 11.3
1713027317 21.6 11.3
1713027318 21.6 11.3
1713027319 21.6 11.3
1713027320 21.6 11.3
1713027321 21.6 11.3
1713027322 21.6 11.3
1713027323 21.6 11.3
1713027324 21.6 11.3
1713027325 21.6 11.3
1713027326 21.6 11.3
1713027327 21.6 11.3
1713027328 21.6 11.3
1713027330 21.6 11.3
1713027331 21.6 11.3
1713027332 21.6 11.3
1713027333 21.6 11.3
1713027334 21.6 11.3
1713027335 21.6 11.3
1713027336 21.6 11.3
1713027337 21.6 11.3
1713027338 21.6 11.3
1713027339 21.6 11.3
1713027340 21.6 11.3
1713027341 21.6 11.3
1713027342 21.6 11.3
1713027343 21.6 11.3
1713027344 21.6 11.3
1713027345 21.6 11.3
1713027347 21.6 11.3
1713027348 21.6 11.3
1713027349 21.6 11.3
1713027350 21.6 11.3
1713027351 21.6 11.3
1713027352 21.6 11.3
1713027353 21.6 11.3
1713027354 21.6 11.3
1713027355 21.6 11.3
1713027356 21.6 11.3
1713027357 21.6 11.3
1713027358 21.6 11.3
1713027359 21.6 11.3
1713027360 21.6 11.3
1713027361 21.6 11.3
1713027362 21.6 11.3
1713027364 21.6 11.3
1713027365 21.6 11.3
1713027366 21.6 11.3
1713027367 21.6 11.3
1713027368 21.6 11.3
1713027369 21.6 11.3
1713027370 21.6 11.3
1713027371 21.6 11.3
1713027372 21.6 11.3
1713027373 21.6 11.3
1713027374 21.6 11.3
1713027375 21.6 11.3
1713027376 21.6 11.3
1713027377 21.6 11.3
1713027378 21.6 11.3
1713027379 21.6 11.3
1713027381 21.6 11.3
1713027382 21.6 11.3
1713027383 21.6 11.3
1713027384 21.6 11.3
1713027385 21.6 11.3
1713027386 21.6 11.3
1713027387 21.6 11.3
1713027388 21.6 11.3
1713027389 21.6 11.3
1713027390 21.6 11.3
1713027391 21.6 11.3
1713027392 21.6 11.3
1713027393 21.6 11.3
1713027394 21.6 11.3
1713027395 21.6 11.3
1713027396 21.6 11.3
1713027398 21.6 11.3
1713027399 21.6 11.3
1713027400 21.6 11.3
1713027401 21.6 11.3
1713027402 21.6 11.3
1713027403 21.6 11.3
1713027404 21.6 11.3
1713027405 21.6 11.3
1713027406 21.6 11.3
1713027407 21.6 11.3
1713027408 21.6 11.3
1713027409 21.6 11.3
1713027410 21.5 11.3
1713027411 21.5 11.3
1713027412 21.5 11.3
1713027413 21.5 11.3
1713027414 21.6 11.3
1713027416 21.6 11.3
1713027417 21.6 11.3
1713027418 21.6 11.3
1713027419 21.6 11.3
1713027420 21.6 11.3
1713027421 21.6 11.3
1713027422 21.6 11.3
1713027423 21.6 11.3
1713027424 21.6 11.3
1713027425 21.6 11.3
1713027426 21.6 11.3
1713027427 21.6 11.3
1713027428 21.6 11.3
1713027429 21.6 11.3
1713027430 21.6 11.3
1713027431 21.6 11.3
1713027433 21.6 11.3
1713027434 21.6 11.3
1713027435 21.6 11.3
1713027436 21.6 11.3
1713027437 21.6 11.3
1713027438 21.6 11.3
1713027439 21.6 11.3
1713027440 21.6 11.3
1713027441 21.6 11.3
1713027442 21.6 11.3
1713027443 21.6 11.3
1713027444 21.6 11.3
1713027445 21.5 11.3
1713027446 21.5 11.3
1713027447 21.5 11.3
1713027448 21.5 11.3
1713027450 21.5 11.3
1713027451 21.5 11.3
1713027452 21.5 11.3
1713027453 21.5 11.3
1713027454 21.5 11.3
1713027455 21.6 11.3
1713027456 21.6 11.3
1713027457 21.6 11.3
1713027458 21.6 11.3
1713027459 21.6 11.3
1713027460 21.6 11.3
1713027461 21.6 11.3
1713027462 21.5 11.3
1713027463 21.5 11.3
1713027464 21.5 11.3
1713027465 21.5 11.3
1713027467 21.5 11.3
1713027468 21.5 11.3
1713027469 21.5 11.3
1713027470 21.5 11.3
1713027471 21.5 11.3
1713027472 21.5 11.3
1713027473 21.5 11.3
1713027474 21.5 11.3
1713027475 21.5 11.3
1713027476 21.5 11.3
1713027477 21.5 11.3
1713027478 21.5 11.3
1713027479 21.6 11.3
1713027480 21.5 11.3
1713027481 21.5 11.3
1713027482 21.5 11.3
1713027483 21.5 11.3
1713027485 21.5 11.3
1713027486 21.5 11.3
1713027487 21.5 11.3
1713027488 21.6 11.3
1713027489 21.6 11.3
1713027490 21.6 11.3
1713027491 21.6 11.3
1713027492 21.6 11.3
1713027493 21.6 11.3
1713027494 21.6 11.3
1713027495 21.6 11.3
1713027496 21.6 11.3
1713027497 21.5 11.3
1713027498 21.5 11.3
1713027499 21.5 11.3
1713027500 21.5 11.3
1713027502 21.5 11.3
1713027503 21.5 11.3
1713027504 21.5 11.3
1713027505 21.5 11.3
1713027506 21.5 11.3
1713027507 21.5 11.3
1713027508 21.5 11.3
1713027509 21.6 11.3
1713027510 21.6 11.3
1713027511 21.6 11.3
1713027512 21.6 11.3
1713027513 21.6 11.3
1713027514 21.5 11.3
1713027515 21.5 11.3
1713027516 21.5 11.3
1713027517 21.5 11.3
1713027519 21.5 11.3
1713027520 21.5 11.3
1713027521 21.5 11.3
1713027522 21.5 11.3
1713027523 21.5 11.3
1713027524 21.5 11.3
1713027525 21.5 11.3
1713027526 21.5 11.3
1713027527 21.5 11.3
1713027528 21.6 11.3
1713027529 21.6 11.3
1713027530 21.6 11.3
1713027531 21.5 11.3
1713027532 21.5 11.3
1713027533 21.5 11.3
1713027534 21.5 11.3
1713027536 21.5 11.3
1713027537 21.5 11.3
1713027538 21.5 11.3
1713027539 21.5 11.3
1713027540 21.5 11.3
1713027541 21.5 11.3
1713027542 21.5 11.3
1713027543 21.5 11.3
1713027544 21.6 11.3
1713027545 21.6 11.3
1713027546 21.6 11.3
1713027547 21.6 11.3
1713027548 21.5 11.3
1713027549 21.5 11.3
1713027550 21.5 11.3
1713027551 21.5 11.3
1713027553 21.5 11.3
1713027554 21.5 11.3
1713027555 21.5 11.3
1713027556 21.5 11.3
1713027557 21.5 11.3
1713027558 21.5 11.3
1713027559 21.5 11.3
1713027560 21.5 11.3
1713027561 21.5 11.3
1713027562 21.5 11.3
1713027563 21.5 11.3
1713027564 21.6 11.3
1713027565 21.5 11.3
1713027566 21.5 11.3
1713027567 21.5 11.3
1713027568 21.5 11.3
1713027570 21.5 11.3
1713027571 21.5 11.3
1713027572 21.5 11.3
1713027573 21.5 11.3
1713027574 21.5 11.3
1713027575 21.5 11.3
1713027576 21.5 11.3
1713027577 21.6 11.3
1713027578 21.6 11.3
1713027579 21.6 11.3
1713027580 21.6 11.3
1713027581 21.6 11.3
1713027582 21.6 11.3
1713027583 21.5 11.3
1713027584 21.5 11.3
1713027585 21.5 11.3
1713027586 21.5 11.3
1713027588 21.5 11.3
1713027589 21.5 11.3
1713027590 21.5 11.3
1713027591 21.5 11.3
1713027592 21.5 11.3
1713027593 21.5 11.3
1713027594 21.6 11.4
1713027595 21.6 11.4
1713027596 21.6 11.4
1713027597 21.6 11.4
1713027598 21.6 11.4
1713027599 21.6 11.4
1713027600 21.5 11.4
1713027601 21.5 11.4
1713027602 21.5 11.4
1713027603 21.6 11.4
1713027605 21.6 11.4
1713027606 21.6 11.4
1713027607 21.6 11.4
1713027608 21.6 11.4
1713027609 21.6 11.4
1713027610 21.6 11.4
1713027611 21.6 11.4
1713027612 21.6 11.4
1713027613 21.6 11.4
1713027614 21.6 11.4
1713027615 21.6 11.4
1713027616 21.6 11.4
1713027617 21.5 11.4
1713027618 21.5 11.4
1713027619 21.5 11.4
1713027620 21.5 11.4
1713027622 21.5 11.4
1713027623 21.5 11.4
1713027624 21.5 11.4
1713027625 21.5 11.4
1713027626 21.5 11.4
1713027627 21.5 11.4
1713027628 21.5 11.4
1713027629 21.5 11.4
1713027630 21.5 11.4
1713027631 21.5 11.4
1713027632 21.5 11.4
1713027633 21.6 11.4
1713027634 21.5 11.4
1713027635 21.5 11.4
1713027636 21.5 11.4
1713027637 21.5 11.4
1713027639 21.5 11.4
1713027640 21.5 11.4
1713027641 21.5 11.4
1713027642 21.5 11.4
1713027643 21.5 11.4
1713027644 21.5 11.4
1713027645 21.5 11.4
1713027646 21.5 11.4
1713027647 21.5 11.4
1713027648 21.5 11.4
1713027649 21.5 11.4
1713027650 21.5 11.4
1713027651 21.5 11.4
1713027652 21.5 11.4
1713027653 21.5 11.4
1713027654 21.5 11.4
1713027656 21.5 11.4
1713027657 21.5 11.4
1713027658 21.5 11.4
1713027659 21.5 11.4
1713027660 21.5 11.4
1713027661 21.5 11.4
1713027662 21.5 11.4
1713027663 21.5 11.4
1713027664 21.5 11.4
1713027665 21.5 11.4
1713027666 21.5 11.4
1713027667 21.5 11.4
1713027668 21.5 11.4
1713027669 21.5 11.4
1713027670 21.5 11.4
1713027671 21.5 11.4
1713027673 21.5 11.4
1713027674 21.5 11.4
1713027675 21.5 11.4
1713027676 21.6 11.4
1713027677 21.6 11.4
1713027678 21.6 11.4
1713027679 21.6 11.4
1713027680 21.6 11.4
1713027681 21.6 11.4
1713027682 21.6 11.4
1713027683 21.6 11.4
1713027684 21.6 11.4
1713027685 21.5 11.4
1713027686 21.5 11.4
1713027687 21.5 11.4
1713027688 21.6 11.4
1713027689 21.6 11.4
1713027691 21.6 11.4
1713027692 21.6 11.4
1713027693 21.6 11.4
1713027694 21.6 11.4
1713027695 21.6 11.4
1713027696 21.6 11.4
1713027697 21.6 11.4
1713027698 21.6 11.4
1713027699 21.6 11.4
1713027700 21.6 11.4
1713027701 21.6 11.4
1713027702 21.6 11.4
1713027703 21.6 11.4
1713027704 21.6 11.4
1713027705 21.6 11.4
1713027706 21.6 11.4
1713027708 21.6 11.4
1713027709 21.6 11.4
1713027710 21.6 11.4
1713027711 21.6 11.4
1713027712 21.6 11.4
1713027713 21.6 11.4
1713027714 21.6 11.4
1713027715 21.6 11.4
1713027716 21.6 11.4
1713027717 21.6 11.4
1713027718 21.6 11.4
1713027719 21.6 11.4
1713027720 21.6 11.4
1713027721 21.6 11.4
1713027722 21.6 11.4
1713027723 21.6 11.4
1713027725 21.6 11.4
1713027726 21.6 11.4
1713027727 21.6 11.4
1713027728 21.6 11.4
1713027729 21.6 11.4
1713027730 21.6 11.4
1713027731 21.6 11.4
1713027732 21.6 11.4
1713027733 21.6 11.4
1713027734 21.6 11.4
1713027735 21.6 11.4
1713027736 21.6 11.4
1713027737 21.6 11.4
1713027738 21.6 11.4
1713027739 21.6 11.4
1713027740 21.6 11.4
1713027742 21.6 11.4
1713027743 21.6 11.4
1713027744 21.6 11.4
1713027745 21.6 11.4
1713027746 21.6 11.4
1713027747 21.6 11.4
1713027748 21.6 11.4
1713027749 21.6 11.4
1713027750 21.6 11.4
1713027751 21.6 11.4
1713027752 21.6 11.4
1713027753 21.6 11.4
1713027754 21.6 11.4
1713027755 21.6 11.4
1713027756 21.6 11.4
1713027757 21.6 11.4
1713027758 21.6 11.4
1713027760 21.6 11.4
1713027761 21.6 11.4
1713027762 21.6 11.4
1713027763 21.6 11.4
1713027764 21.6 11.4
1713027765 21.6 11.4
1713027766 21.6 11.4
1713027767 21.6 11.4
1713027768 21.6 11.4
1713027769 21.6 11.4
1713027770 21.6 11.4
1713027771 21.6 11.4
1713027772 21.6 11.4
1713027773 21.6 11.4
1713027774 21.6 11.4
1713027775 21.6 11.4
1713027777 21.6 11.4
1713027778 21.6 11.4
1713027779 21.6 11.4
1713027780 21.6 11.4
1713027781 21.6 11.4
1713027782 21.6 11.4
1713027783 21.6 11.4
1713027784 21.6 11.4
1713027785 21.6 11.4
1713027786 21.6 11.4
1713027787 21.6 11.4
1713027788 21.6 11.4
1713027789 21.6 11.4
1713027790 21.6 11.4
1713027791 21.6 11.4
1713027792 21.6 11.4
1713027794 21.6 11.5
1713027795 21.6 11.5
1713027796 21.6 11.5
1713027797 21.6 11.5
1713027798 21.6 11.5
1713027799 21.6 11.5
1713027800 21.6 11.5
1713027801 21.6 11.5
1713027802 21.6 11.5
1713027803 21.6 11.5
1713027804 21.6 11.5
1713027805 21.6 11.5
1713027806 21.5 11.5
1713027807 21.5 11.5
1713027808 21.5 11.5
1713027809 21.5 11.5
1713027811 21.5 11.5
1713027812 21.5 11.5
1713027813 21.5 11.5
1713027814 21.6 11.5
1713027815 21.6 11.5
1713027816 21.6 11.5
1713027817 21.6 11.5
1713027818 21.6 11.5
1713027819 21.6 11.5
1713027820 21.6 11.5
1713027821 21.6 11.5
1713027822 21.6 11.5
1713027823 21.5 11.5
1713027824 21.5 11.5
1713027825 21.5 11.5
1713027826 21.5 11.5
1713027828 21.5 11.5
1713027829 21.5 11.5
1713027830 21.5 11.5
1713027831 21.5 11.5
1713027832 21.5 11.5
1713027833 21.5 11.5
1713027834 21.5 11.5
1713027835 21.5 11.5
1713027836 21.5 11.5
1713027837 21.5 11.5
1713027838 21.5 11.5
1713027839 21.5 11.5
1713027840 21.5 11.5
1713027841 21.5 11.5
1713027842 21.5 11.5
1713027843 21.5 11.5
1713027845 21.5 11.5
1713027846 21.5 11.5
1713027847 21.5 11.5
1713027848 21.5 11.5
1713027849 21.5 11.5
1713027850 21.5 11.5
1713027851 21.5 11.5
1713027852 21.5 11.5
1713027853 21.6 11.5
1713027854 21.6 11.5
1713027855 21.6 11.5
1713027856 21.6 11.5
1713027857 21.5 11.5
1713027858 21.5 11.5
1713027859 21.5 11.5
1713027860 21.5 11.5
1713027862 21.5 11.5
1713027863 21.5 11.5
1713027864 21.5 11.5
1713027865 21.5 11.5
1713027866 21.5 11.5
1713027867 21.5 11.5
1713027868 21.5 11.5
1713027869 21.5 11.5
1713027870 21.6 11.5
1713027871 21.6 11.5
1713027872 21.5 11.5
1713027873 21.6 11.5
1713027874 21.5 11.5
1713027875 21.5 11.5
1713027876 21.5 11.5
1713027877 21.5 11.5
1713027878 21.5 11.5
1713027880 21.5 11.5
1713027881 21.5 11.5
1713027882 21.5 11.5
1713027883 21.5 11.5
1713027884 21.5 11.5
1713027885 21.5 11.5
1713027886 21.6 11.5
1713027887 21.6 11.5
1713027888 21.6 11.5
1713027889 21.6 11.5
1713027890 21.6 11.5
1713027891 21.6 11.5
1713027892 21.5 11.5
1713027893 21.5 11.5
1713027894 21.5 11.5
1713027895 21.5 11.5
1713027897 21.6 11.5
1713027898 21.6 11.5
1713027899 21.6 11.5
1713027900 21.6 11.5
1713027901 21.6 11.5
1713027902 21.6 11.5
1713027903 21.6 11.5
1713027904 21.6 11.5
1713027905 21.6 11.5
1713027906 21.6 11.5
1713027907 21.6 11.5
1713027908 21.6 11.5
1713027909 21.6 11.5
1713027910 21.6 11.5
1713027911 21.6 11.5
1713027912 21.6 11.5
1713027914 21.6 11.5
1713027915 21.6 11.5
1713027916 21.6 11.5
1713027917 21.6 11.5
1713027918 21.6 11.5
1713027919 21.6 11.5
1713027920 21.6 11.5
1713027921 21.6 11.5
1713027922 21.6 11.5
1713027923 21.6 11.5
1713027924 21.6 11.5
1713027925 21.6 11.5
1713027926 21.6 11.5
1713027927 21.6 11.5
1713027928 21.6 11.5
1713027929 21.6 11.5
1713027930 21.6 11.5
1713027932 21.6 11.5
1713027933 21.6 11.5
1713027934 21.6 11.5
1713027935 21.6 11.5
1713027936 21.6 11.5
1713027937 21.6 11.5
1713027938 21.6 11.5
1713027939 21.6 11.5
1713027940 21.6 11.5
1713027941 21.6 11.5
1713027942 21.6 11.5
1713027943 21.6 11.5
1713027944 21.6 11.5
1713027945 21.6 11.5
1713027946 21.6 11.5
1713027947 21.6 11.5
1713027949 21.6 11.5
1713027950 21.6 11.5
1713027951 21.6 11.5
1713027952 21.6 11.5
1713027953 21.6 11.5
1713027954 21.6 11.5
1713027955 21.6 11.5
1713027956 21.7 11.5
1713027957 21.7 11.5
1713027958 21.7 11.5
1713027959 21.7 11.5
1713027960 21.7 11.5
1713027961 21.7 11.5
1713027962 21.7 11.5
1713027963 21.7 11.5
1713027964 21.7 11.4
1713027966 21.7 11.4
1713027967 21.7 11.4
1713027968 21.7 11.4
1713027969 21.7 11.4
1713027970 21.7 11.4
1713027971 21.7 11.4
1713027972 21.7 11.4
1713027973 21.7 11.4
1713027974 21.7 11.4
1713027975 21.7 11.4
1713027976 21.7 11.4
1713027977 21.7 11.4
1713027978 21.7 11.4
1713027979 21.7 11.4
1713027980 21.7 11.4
1713027981 21.7 11.4
1713027983 21.7 11.4
1713027984 21.7 11.4
1713027985 21.7 11.4
1713027986 21.7 11.4
1713027987 21.7 11.4
1713027988 21.7 11.4
1713027989 21.7 11.4
1713027990 21.7 11.4
1713027991 21.7 11.4
1713027992 21.7 11.4
1713027993 21.7 11.4
1713027994 21.8 11.4
1713027995 21.8 11.4
1713027996 21.8 11.4
1713027997 21.8 11.4
1713027998 21.8 11.4
1713027999 21.8 11.4
1713028001 21.8 11.4
1713028002 21.8 11.4
1713028003 21.8 11.4
1713028004 21.8 11.4
1713028005 21.8 11.4
1713028006 21.8 11.4
1713028007 21.8 11.4
1713028008 21.8 11.4
1713028009 21.8 11.4
1713028010 21.8 11.4
1713028011 21.8 11.4
1713028012 21.8 11.4
1713028013 21.8 11.4
1713028014 21.8 11.4
1713028015 21.8 11.4
1713028016 21.8 11.4
1713028018 21.8 11.4
1713028019 21.8 11.4
1713028020 21.8 11.4
1713028021 21.8 11.4
1713028022 21.8 11.4
1713028023 21.8 11.4
1713028024 21.8 11.4
1713028025 21.8 11.4
1713028026 21.8 11.4
1713028027 21.8 11.4
1713028028 21.8 11.4
1713028029 21.8 11.4
1713028030 21.8 11.4
1713028031 21.8 11.4
1713028032 21.8 11.4
1713028033 21.8 11.4
1713028035 21.8 11.4
1713028036 21.8 11.4
1713028037 21.8 11.4
1713028038 21.8 11.4
1713028039 21.8 11.4
1713028040 21.8 11.4
1713028041 21.8 11.4
1713028042 21.8 11.4
1713028043 21.8 11.4
1713028044 21.8 11.4
1713028045 21.8 11.4
1713028046 21.8 11.4
1713028047 21.8 11.4
1713028048 21.8 11.4
1713028049 21.8 11.4
1713028050 21.8 11.4
1713028051 21.8 11.4
1713028053 21.8 11.4
1713028054 21.8 11.4
1713028055 21.8 11.4
1713028056 21.8 11.4
1713028057 21.8 11.4
1713028058 21.8 11.4
1713028059 21.8 11.4
1713028060 21.8 11.4
1713028061 21.8 11.4
1713028062 21.8 11.4
1713028063 21.8 11.4
1713028064 21.8 11.4
1713028065 21.8 11.4
1713028066 21.8 11.4
1713028067 21.8 11.4
1713028068 21.8 11.4
1713028070 21.8 11.4
1713028071 21.8 11.4
1713028072 21.8 11.4
1713028073 21.8 11.4
1713028074 21.8  8.5
1713028075 21.8  8.5
1713028076 21.8  7.4
1713028165  0.0  0.3
1713028166 50.0  5.6
1713028168 63.5  9.1
1713028169 76.3 13.3
1713028170 95.7 15.8
1713028171  104 17.3
1713028172 95.6 17.3
1713028173 91.8 17.3
1713028174 96.8 18.6
1713028175  103 21.6
1713028176 96.9 20.6
1713028177 88.2 20.6
1713028178 81.0 20.6
1713028179 75.0 20.5
1713028180 66.0 20.4
1713028181 62.1 20.4
1713028182 59.3 20.5
1713028183 56.6 20.5
1713028184 54.1 20.5
1713028186 51.8 20.5
1713028187 49.7 20.5
1713028188 47.5 20.5
1713028189 46.6 20.6
1713028190 45.1 20.6
1713028191 43.3 20.6
1713028192 41.7 20.6
1713028193 40.2 20.6
1713028194 38.9 20.6
1713028195 37.9 20.6
1713028196 36.7 20.6
1713028197 34.6 20.6
1713028198 33.9 20.6
1713028199 33.4 20.6
1713028200 32.6 20.6
1713028202 32.0 20.6
1713028203 31.1 20.6
1713028204 30.4 20.6
1713028205 29.7 20.6
1713028206 29.2 20.6
1713028207 28.6 20.6
1713028208 28.1 20.6
1713028209 27.6 20.6
1713028210 27.3 20.6
1713028211 26.8 20.6
1713028212 26.4 20.6
1713028213 26.0 20.6
1713028214 25.1 20.7
1713028215 24.8 20.7
1713028216 24.5 20.7
1713028217 24.1 20.7
1713028218 23.8 20.7
1713028220 23.5 20.7
1713028221 23.2 20.7
1713028222 22.9 20.7
1713028223 22.7 20.7
1713028224 22.4 20.7
1713028225 22.1 20.7
1713028226 21.8 20.7
1713028227 21.9 20.8
1713028228 21.6 20.8
1713028229 21.4 20.7
1713028230 21.1 20.7
1713028231 20.9 20.7
1713028232 20.4 20.8
1713028233 20.2 20.8
1713028234 20.1 20.8
1713028235 19.9 20.8
1713028237 19.7 20.8
1713028238 19.5 20.8
1713028239 19.3 20.8
1713028240 19.1 20.8
1713028241 18.9 20.8
1713028242 18.7 20.8
1713028243 18.6 20.8
1713028244 18.4 20.8
1713028245 18.2 20.8
1713028246 18.1 20.8
1713028247 18.0 20.8
1713028248 17.8 20.8
1713028249 17.7 20.8
1713028250 17.3 20.8
1713028251 17.1 20.8
1713028252 17.0 20.8
1713028253 16.9 20.8
1713028255 16.7 20.8
1713028256 16.6 20.8
1713028257 16.4 20.8
1713028258 16.8 20.8
1713028259 17.9 19.2
1713028260 18.3 19.2
1713028261 18.6 19.2
1713028262 18.4 19.2
1713028263 18.3 19.2
1713028264 18.3 19.2
1713028265 18.1 19.2
1713028266 17.9 18.9
1713028267 17.7 18.9
1713028268 17.6 18.9
1713028269 17.4 18.9
1713028271 17.3 18.9
1713028272 17.2 18.9
1713028273 17.0 18.9
1713028274 16.8 18.9
1713028275 16.8 18.8
1713028276 16.6 18.8
1713028277 16.5 18.8
1713028278 16.3 18.8
1713028279 16.2 18.8
1713028280 16.0 18.8
1713028281 15.9 18.8
1713028282 15.7 18.8
1713028283 15.5 18.8
1713028284 15.4 18.8
1713028285 15.2 18.8
1713028286 15.1 18.8
1713028288 15.0 18.8
1713028289 14.9 18.8
1713028290 14.7 18.9
1713028291 14.6 18.9
1713028292 14.5 18.9
1713028293 14.4 18.9
1713028294 14.3 18.9
1713028295 14.2 18.9
1713028296 14.1 18.9
1713028297 14.0 18.9
1713028298 13.9 18.9
1713028299 13.7 18.9
1713028300 13.5 18.9
1713028301 13.4 18.9
1713028302 13.3 18.9
1713028303 13.2 18.9
1713028305 13.2 18.9
1713028306 13.1 18.9
1713028307 13.0 18.9
1713028308 12.9 18.9
1713028309 12.8 18.9
1713028310 12.7 18.9
1713028311 12.6 18.9
1713028312 12.5 18.9
1713028313 12.4 18.9
1713028314 12.3 18.9
1713028315 12.3 18.9
1713028316 12.2 18.9
1713028317 12.0 18.9
1713028318 11.9 18.9
1713028319 11.9 18.9
1713028320 11.8 18.9
1713028322 11.8 18.9
1713028323 12.0 18.8
1713028324 12.6 18.8
1713028325 13.0 18.8
1713028326 13.7 19.0
1713028327 14.6 19.1
1713028328 15.0 18.9
1713028329 15.5 19.3
1713028330 16.0 19.4
1713028331 16.1 19.4
1713028332 16.5 19.4
1713028333 16.6 19.4
